
=================START OF FOLD results/dbp15k/en_ja/hyperbolic_dot_emb_dim_60_3_layers/12_CV/FOLD_1=================

Config #1
BEST EPOCH: 71
	TR: L 0.13823364675045013, H1 0.5694444444444444;
	VL: L: 0.7491308450698853 H1:0.42592592592592593
Config #2
BEST EPOCH: 23
	TR: L 0.6014530658721924, H1 0.4398148148148148;
	VL: L: 1.0733736753463745 H1:0.3333333333333333
Config #3
BEST EPOCH: 25
	TR: L 0.46929821372032166, H1 0.4861111111111111;
	VL: L: 0.8146198391914368 H1:0.38425925925925924
Config #4
BEST EPOCH: 71
	TR: L 0.02697589620947838, H1 0.5729166666666666;
	VL: L: 0.6851701736450195 H1:0.4305555555555556
Config #5
BEST EPOCH: 7
	TR: L 0.8789224624633789, H1 0.13657407407407407;
	VL: L: 1.2781492471694946 H1:0.14814814814814814
Config #6
BEST EPOCH: 13
	TR: L 1.0243306159973145, H1 0.3715277777777778;
	VL: L: 1.3002310991287231 H1:0.3287037037037037
Config #7
BEST EPOCH: 14
	TR: L 0.9280720949172974, H1 0.3472222222222222;
	VL: L: 1.286002516746521 H1:0.33796296296296297
Config #8
BEST EPOCH: 16
	TR: L 0.8494964241981506, H1 0.4097222222222222;
	VL: L: 1.190161108970642 H1:0.3333333333333333
Config #9
BEST EPOCH: 11
	TR: L 1.220759630203247, H1 0.21412037037037038;
	VL: L: 1.6026344299316406 H1:0.19907407407407407
Config #10
BEST EPOCH: 8
	TR: L 1.2828700542449951, H1 0.22337962962962962;
	VL: L: 1.5070924758911133 H1:0.2361111111111111
Config #11
BEST EPOCH: 61
	TR: L 0.28410840034484863, H1 0.46064814814814814;
	VL: L: 1.0004124641418457 H1:0.33796296296296297
Config #12
BEST EPOCH: 8
	TR: L 1.258605718612671, H1 0.30324074074074076;
	VL: L: 1.456453800201416 H1:0.28703703703703703
Config #13
BEST EPOCH: 4
	TR: L 1.6712100505828857, H1 0.1712962962962963;
	VL: L: 1.826887845993042 H1:0.18981481481481483
Config #14
BEST EPOCH: 10
	TR: L 1.1326981782913208, H1 0.16898148148148148;
	VL: L: 1.5019840002059937 H1:0.1527777777777778
Config #15
BEST EPOCH: 3
	TR: L 1.7018439769744873, H1 0.18981481481481483;
	VL: L: 1.7825392484664917 H1:0.19907407407407407
Config #16
BEST EPOCH: 3
	TR: L 1.831704020500183, H1 0.16319444444444445;
	VL: L: 1.8067536354064941 H1:0.2175925925925926

-------PROCESSING MODEL SELECTION RESULTS OF FOLD results/dbp15k/en_ja/hyperbolic_dot_emb_dim_60_3_layers/12_CV/FOLD_1-------

Winner config: 15
BEST EPOCH: 39
	TR: L 1.0565359592437744, H1 0.8518518518518519;
	VL: L: 1.093338131904602 H1:0.4925913453443341
BEST EPOCH: 39
	TR: L 1.123843789100647, H1 0.8564814814814815;
	VL: L: 1.1252881288528442 H1:0.49225458831453106
BEST EPOCH: 36
	TR: L 1.1481397151947021, H1 0.8583333333333333;
	VL: L: 1.1182440519332886 H1:0.4938541842060953
FOLD RESULTS:
TR:	@1: 0.858 @10: 0.931         TS:	@1: 0.494 @10: 0.619

=================END OF FOLD results/dbp15k/en_ja/hyperbolic_dot_emb_dim_60_3_layers/12_CV/FOLD_1=================


=================START OF FOLD results/dbp15k/en_ja/hyperbolic_dot_emb_dim_60_3_layers/12_CV/FOLD_3=================

Config #1
BEST EPOCH: 46
	TR: L 0.10725928097963333, H1 0.48726851851851855;
	VL: L: 0.8910938501358032 H1:0.3055555555555556
Config #2
BEST EPOCH: 32
	TR: L 0.32680177688598633, H1 0.5138888888888888;
	VL: L: 0.8566572070121765 H1:0.38425925925925924
Config #3
BEST EPOCH: 17
	TR: L 0.7070390582084656, H1 0.3900462962962963;
	VL: L: 1.020652174949646 H1:0.36574074074074076
Config #4
BEST EPOCH: 64
	TR: L 0.11724896728992462, H1 0.6458333333333334;
	VL: L: 0.8340339064598083 H1:0.4398148148148148
Config #5
BEST EPOCH: 68
	TR: L 0.294280469417572, H1 0.49537037037037035;
	VL: L: 1.0126399993896484 H1:0.3425925925925926
Config #6
BEST EPOCH: 6
	TR: L 1.1661852598190308, H1 0.3125;
	VL: L: 1.532666563987732 H1:0.24537037037037038
Config #7
BEST EPOCH: 69
	TR: L 0.14389924705028534, H1 0.5254629629629629;
	VL: L: 0.946251630783081 H1:0.3425925925925926
Config #8
BEST EPOCH: 9
	TR: L 0.894262969493866, H1 0.36226851851851855;
	VL: L: 1.2180535793304443 H1:0.28703703703703703
Config #9
BEST EPOCH: 7
	TR: L 1.2541961669921875, H1 0.2337962962962963;
	VL: L: 1.4847780466079712 H1:0.21296296296296297
Config #10
BEST EPOCH: 5
	TR: L 1.3154311180114746, H1 0.23958333333333334;
	VL: L: 1.500528335571289 H1:0.18518518518518517
Config #11
BEST EPOCH: 9
	TR: L 1.3208121061325073, H1 0.30671296296296297;
	VL: L: 1.5048936605453491 H1:0.25
Config #12
BEST EPOCH: 7
	TR: L 1.1391005516052246, H1 0.2824074074074074;
	VL: L: 1.464048147201538 H1:0.21296296296296297
Config #13
BEST EPOCH: 6
	TR: L 1.5243560075759888, H1 0.23148148148148148;
	VL: L: 1.6320139169692993 H1:0.14814814814814814
Config #14
BEST EPOCH: 49
	TR: L 0.18705233931541443, H1 0.36921296296296297;
	VL: L: 0.6834448575973511 H1:0.25462962962962965
Config #15
BEST EPOCH: 4
	TR: L 1.3966659307479858, H1 0.19444444444444445;
	VL: L: 1.563004493713379 H1:0.16203703703703703
Config #16
BEST EPOCH: 1
	TR: L 1.8310059309005737, H1 0.19675925925925927;
	VL: L: 1.769578456878662 H1:0.16666666666666666

-------PROCESSING MODEL SELECTION RESULTS OF FOLD results/dbp15k/en_ja/hyperbolic_dot_emb_dim_60_3_layers/12_CV/FOLD_3-------

Winner config: 15
BEST EPOCH: 34
	TR: L 1.2035480737686157, H1 0.8148148148148148;
	VL: L: 1.158453345298767 H1:0.49595891564236405
BEST EPOCH: 38
	TR: L 1.1232495307922363, H1 0.8435185185185186;
	VL: L: 1.168810486793518 H1:0.468429028455969
BEST EPOCH: 39
	TR: L 1.1074645519256592, H1 0.8472222222222222;
	VL: L: 1.1496100425720215 H1:0.5043778413874389
FOLD RESULTS:
TR:	@1: 0.847 @10: 0.919         TS:	@1: 0.504 @10: 0.631

=================END OF FOLD results/dbp15k/en_ja/hyperbolic_dot_emb_dim_60_3_layers/12_CV/FOLD_3=================


=================START OF FOLD results/dbp15k/en_ja/hyperbolic_dot_emb_dim_60_3_layers/12_CV/FOLD_5=================

Config #1
BEST EPOCH: 65
	TR: L 0.07989063858985901, H1 0.4513888888888889;
	VL: L: 0.7603189945220947 H1:0.3287037037037037
Config #2
BEST EPOCH: 51
	TR: L 0.14541201293468475, H1 0.4525462962962963;
	VL: L: 1.034831166267395 H1:0.3148148148148148
Config #3
BEST EPOCH: 17
	TR: L 0.5845417976379395, H1 0.375;
	VL: L: 1.0171557664871216 H1:0.3148148148148148
Config #4
BEST EPOCH: 20
	TR: L 0.415847510099411, H1 0.3761574074074074;
	VL: L: 1.0066752433776855 H1:0.2962962962962963
Config #5
BEST EPOCH: 9
	TR: L 0.9098414182662964, H1 0.2743055555555556;
	VL: L: 1.2831461429595947 H1:0.24074074074074073
Config #6
BEST EPOCH: 12
	TR: L 1.1170800924301147, H1 0.30671296296296297;
	VL: L: 1.4054585695266724 H1:0.25462962962962965
Config #7
BEST EPOCH: 14
	TR: L 0.9075620174407959, H1 0.2962962962962963;
	VL: L: 1.3738102912902832 H1:0.2638888888888889
Config #8
BEST EPOCH: 7
	TR: L 1.1332918405532837, H1 0.26273148148148145;
	VL: L: 1.2476255893707275 H1:0.2916666666666667
Config #9
BEST EPOCH: 10
	TR: L 1.208277702331543, H1 0.29976851851851855;
	VL: L: 1.3529906272888184 H1:0.21296296296296297
Config #10
BEST EPOCH: 75
	TR: L 0.2062019407749176, H1 0.4340277777777778;
	VL: L: 0.8114573359489441 H1:0.27314814814814814
Config #11
BEST EPOCH: 12
	TR: L 1.08744215965271, H1 0.25;
	VL: L: 1.9132535457611084 H1:0.18518518518518517
Config #12
BEST EPOCH: 11
	TR: L 1.3297302722930908, H1 0.2835648148148148;
	VL: L: 1.632789969444275 H1:0.25
Config #13
BEST EPOCH: 67
	TR: L 0.3534747362136841, H1 0.3125;
	VL: L: 1.0847783088684082 H1:0.2222222222222222
Config #14
BEST EPOCH: 126
	TR: L 0.2897203266620636, H1 0.42476851851851855;
	VL: L: 0.791629433631897 H1:0.30092592592592593
Config #15
BEST EPOCH: 13
	TR: L 1.0793441534042358, H1 0.15046296296296297;
	VL: L: 1.881035327911377 H1:0.12037037037037036
Config #16
BEST EPOCH: 11
	TR: L 1.0812569856643677, H1 0.18055555555555555;
	VL: L: 1.564740777015686 H1:0.1574074074074074

-------PROCESSING MODEL SELECTION RESULTS OF FOLD results/dbp15k/en_ja/hyperbolic_dot_emb_dim_60_3_layers/12_CV/FOLD_5-------

Winner config: 15
BEST EPOCH: 53
	TR: L 1.3516963720321655, H1 0.7972222222222223;
	VL: L: 1.1614686250686646 H1:0.49014985687826235
BEST EPOCH: 52
	TR: L 1.3446861505508423, H1 0.787962962962963;
	VL: L: 1.1548839807510376 H1:0.50673514059606
BEST EPOCH: 51
	TR: L 1.4788033962249756, H1 0.7675925925925926;
	VL: L: 1.2243503332138062 H1:0.49360161643374306
FOLD RESULTS:
TR:	@1: 0.797 @10: 0.891         TS:	@1: 0.507 @10: 0.633

=================END OF FOLD results/dbp15k/en_ja/hyperbolic_dot_emb_dim_60_3_layers/12_CV/FOLD_5=================


=================START OF FOLD results/dbp15k/en_ja/hyperbolic_dot_emb_dim_60_3_layers/12_CV/FOLD_7=================

Config #1
BEST EPOCH: 20
	TR: L 0.570487916469574, H1 0.3275462962962963;
	VL: L: 1.0831406116485596 H1:0.3055555555555556
Config #2
BEST EPOCH: 18
	TR: L 0.5154021978378296, H1 0.3761574074074074;
	VL: L: 0.9318687915802002 H1:0.32407407407407407
Config #3
BEST EPOCH: 50
	TR: L 0.18504203855991364, H1 0.47453703703703703;
	VL: L: 0.7068068981170654 H1:0.35185185185185186
Config #4
BEST EPOCH: 22
	TR: L 0.3823481798171997, H1 0.4375;
	VL: L: 0.911386251449585 H1:0.3194444444444444
Config #5
BEST EPOCH: 23
	TR: L 0.5569599866867065, H1 0.35300925925925924;
	VL: L: 1.1546943187713623 H1:0.2962962962962963
Config #6
BEST EPOCH: 31
	TR: L 0.3082142472267151, H1 0.36226851851851855;
	VL: L: 1.022006630897522 H1:0.24537037037037038
Config #7
BEST EPOCH: 10
	TR: L 1.0018820762634277, H1 0.2951388888888889;
	VL: L: 1.1334017515182495 H1:0.24074074074074073
Config #8
BEST EPOCH: 9
	TR: L 1.004300594329834, H1 0.30092592592592593;
	VL: L: 1.2759252786636353 H1:0.25
Config #9
BEST EPOCH: 5
	TR: L 1.4730210304260254, H1 0.22685185185185186;
	VL: L: 1.4366010427474976 H1:0.1712962962962963
Config #10
BEST EPOCH: 6
	TR: L 1.1338691711425781, H1 0.1909722222222222;
	VL: L: 1.4576252698898315 H1:0.14814814814814814
Config #11
BEST EPOCH: 5
	TR: L 1.331581950187683, H1 0.19791666666666666;
	VL: L: 1.5435885190963745 H1:0.2037037037037037
Config #12
BEST EPOCH: 6
	TR: L 1.4415837526321411, H1 0.2465277777777778;
	VL: L: 1.5428409576416016 H1:0.2037037037037037
Config #13
BEST EPOCH: 5
	TR: L 1.4656519889831543, H1 0.16666666666666666;
	VL: L: 1.5937749147415161 H1:0.125
Config #14
BEST EPOCH: 9
	TR: L 1.1934607028961182, H1 0.2013888888888889;
	VL: L: 1.4739124774932861 H1:0.13425925925925927
Config #15
BEST EPOCH: 4
	TR: L 1.7868643999099731, H1 0.19212962962962962;
	VL: L: 1.8628066778182983 H1:0.17592592592592593
Config #16
BEST EPOCH: 8
	TR: L 1.3953869342803955, H1 0.20833333333333334;
	VL: L: 1.5681095123291016 H1:0.18518518518518517

-------PROCESSING MODEL SELECTION RESULTS OF FOLD results/dbp15k/en_ja/hyperbolic_dot_emb_dim_60_3_layers/12_CV/FOLD_7-------

Winner config: 15
BEST EPOCH: 42
	TR: L 1.3113311529159546, H1 0.8074074074074075;
	VL: L: 1.2056208848953247 H1:0.4926755346017848
BEST EPOCH: 44
	TR: L 1.3810197114944458, H1 0.7888888888888889;
	VL: L: 1.208378791809082 H1:0.48930796430375484
BEST EPOCH: 46
	TR: L 1.2798861265182495, H1 0.8055555555555556;
	VL: L: 1.1712417602539062 H1:0.5096817646068361
FOLD RESULTS:
TR:	@1: 0.807 @10: 0.901         TS:	@1: 0.510 @10: 0.636

=================END OF FOLD results/dbp15k/en_ja/hyperbolic_dot_emb_dim_60_3_layers/12_CV/FOLD_7=================


=================START OF FOLD results/dbp15k/en_ja/hyperbolic_dot_emb_dim_60_3_layers/12_CV/FOLD_9=================

Config #1
BEST EPOCH: 31
	TR: L 0.3189777135848999, H1 0.44560185185185186;
	VL: L: 0.902948796749115 H1:0.35648148148148145
Config #2
BEST EPOCH: 44
	TR: L 0.3227289021015167, H1 0.4618055555555556;
	VL: L: 0.6957867741584778 H1:0.3287037037037037
Config #3
BEST EPOCH: 18
	TR: L 0.5632204413414001, H1 0.4583333333333333;
	VL: L: 1.1683681011199951 H1:0.3333333333333333
Config #4
BEST EPOCH: 25
	TR: L 0.36340802907943726, H1 0.45949074074074076;
	VL: L: 0.9761996865272522 H1:0.33796296296296297
Config #5
BEST EPOCH: 9
	TR: L 0.9183218479156494, H1 0.3263888888888889;
	VL: L: 1.2892909049987793 H1:0.2962962962962963
Config #6
BEST EPOCH: 20
	TR: L 0.9632183313369751, H1 0.36342592592592593;
	VL: L: 1.2578328847885132 H1:0.35185185185185186
Config #7
BEST EPOCH: 32
	TR: L 0.3528401851654053, H1 0.46412037037037035;
	VL: L: 0.9908773303031921 H1:0.3333333333333333
Config #8
BEST EPOCH: 18
	TR: L 0.5300036668777466, H1 0.4027777777777778;
	VL: L: 0.892723560333252 H1:0.2824074074074074
Config #9
BEST EPOCH: 13
	TR: L 1.0964816808700562, H1 0.33101851851851855;
	VL: L: 1.336100459098816 H1:0.28703703703703703
Config #10
BEST EPOCH: 45
	TR: L 0.3146171569824219, H1 0.41087962962962965;
	VL: L: 0.7257153391838074 H1:0.3055555555555556
Config #11
BEST EPOCH: 52
	TR: L 0.2842736542224884, H1 0.43171296296296297;
	VL: L: 0.8569750189781189 H1:0.2638888888888889
Config #12
BEST EPOCH: 90
	TR: L 0.10603158921003342, H1 0.5162037037037037;
	VL: L: 0.7850821614265442 H1:0.33796296296296297
Config #13
BEST EPOCH: 28
	TR: L 0.3800739049911499, H1 0.30324074074074076;
	VL: L: 0.9659061431884766 H1:0.2037037037037037
Config #14
BEST EPOCH: 7
	TR: L 1.4104925394058228, H1 0.24537037037037038;
	VL: L: 1.7140476703643799 H1:0.2222222222222222
Config #15
BEST EPOCH: 41
	TR: L 0.3861128091812134, H1 0.3958333333333333;
	VL: L: 0.9023898243904114 H1:0.2638888888888889
Config #16
BEST EPOCH: 45
	TR: L 0.38455694913864136, H1 0.4166666666666667;
	VL: L: 0.7034423351287842 H1:0.2962962962962963

-------PROCESSING MODEL SELECTION RESULTS OF FOLD results/dbp15k/en_ja/hyperbolic_dot_emb_dim_60_3_layers/12_CV/FOLD_9-------

Winner config: 15
BEST EPOCH: 37
	TR: L 1.043973684310913, H1 0.5787037037037037;
	VL: L: 1.060019612312317 H1:0.4053712746253578
BEST EPOCH: 35
	TR: L 0.9836279153823853, H1 0.575925925925926;
	VL: L: 1.0120948553085327 H1:0.3887018016501094
BEST EPOCH: 56
	TR: L 0.5832031965255737, H1 0.6240740740740741;
	VL: L: 0.949145495891571 H1:0.38853342313520794
FOLD RESULTS:
TR:	@1: 0.624 @10: 0.641         TS:	@1: 0.405 @10: 0.515

=================END OF FOLD results/dbp15k/en_ja/hyperbolic_dot_emb_dim_60_3_layers/12_CV/FOLD_9=================


=================START OF FOLD results/dbp15k/en_ja/hyperbolic_dot_emb_dim_60_3_layers/12_CV/FOLD_11=================

Config #1
BEST EPOCH: 22
	TR: L 0.5602842569351196, H1 0.4275782155272306;
	VL: L: 1.026625156402588 H1:0.35185185185185186
Config #2
BEST EPOCH: 40
	TR: L 0.22007490694522858, H1 0.5121668597914253;
	VL: L: 0.9853498935699463 H1:0.3194444444444444
Config #3
BEST EPOCH: 31
	TR: L 0.17831502854824066, H1 0.440324449594438;
	VL: L: 0.8485898971557617 H1:0.3194444444444444
Config #4
BEST EPOCH: 22
	TR: L 0.6255999803543091, H1 0.4171494785631518;
	VL: L: 0.9985090494155884 H1:0.33796296296296297
Config #5
BEST EPOCH: 21
	TR: L 0.8970952033996582, H1 0.34530706836616454;
	VL: L: 1.2388458251953125 H1:0.28703703703703703
Config #6
BEST EPOCH: 13
	TR: L 0.858928918838501, H1 0.3348783314020857;
	VL: L: 1.2005404233932495 H1:0.2962962962962963
Config #7
BEST EPOCH: 23
	TR: L 0.33980199694633484, H1 0.35921205098493625;
	VL: L: 1.244931936264038 H1:0.21296296296296297
Config #8
BEST EPOCH: 9
	TR: L 0.9428839087486267, H1 0.2954808806488992;
	VL: L: 1.3332269191741943 H1:0.2638888888888889
Config #9
BEST EPOCH: 69
	TR: L 0.2132193148136139, H1 0.45886442641946695;
	VL: L: 0.9623351097106934 H1:0.28703703703703703
Config #10
BEST EPOCH: 0
	TR: L 1.651769757270813, H1 0.1332560834298957;
	VL: L: 1.5799875259399414 H1:0.1527777777777778
Config #11
BEST EPOCH: 6
	TR: L 1.358897089958191, H1 0.2085747392815759;
	VL: L: 1.587523102760315 H1:0.19444444444444445
Config #12
BEST EPOCH: 16
	TR: L 0.580660879611969, H1 0.2989571263035921;
	VL: L: 1.160385012626648 H1:0.18055555555555555
Config #13
BEST EPOCH: 6
	TR: L 1.5569539070129395, H1 0.1633835457705678;
	VL: L: 1.7458648681640625 H1:0.17592592592592593
Config #14
BEST EPOCH: 79
	TR: L 0.2182369828224182, H1 0.35573580533024335;
	VL: L: 0.838158369064331 H1:0.2361111111111111
Config #15
BEST EPOCH: 43
	TR: L 0.4006870687007904, H1 0.2908458864426419;
	VL: L: 1.1688084602355957 H1:0.20833333333333334
Config #16
BEST EPOCH: 8
	TR: L 1.5758990049362183, H1 0.21089223638470453;
	VL: L: 1.694779634475708 H1:0.1712962962962963

-------PROCESSING MODEL SELECTION RESULTS OF FOLD results/dbp15k/en_ja/hyperbolic_dot_emb_dim_60_3_layers/12_CV/FOLD_11-------

Winner config: 15
BEST EPOCH: 68
	TR: L 0.11646082252264023, H1 0.5708989805375347;
	VL: L: 0.8382751941680908 H1:0.4151864635070292
BEST EPOCH: 72
	TR: L 0.08312486112117767, H1 0.5189990732159406;
	VL: L: 0.7912976145744324 H1:0.3821870527822207
BEST EPOCH: 58
	TR: L 0.15963947772979736, H1 0.5458758109360519;
	VL: L: 0.8576486110687256 H1:0.3833656031652496
FOLD RESULTS:
TR:	@1: 0.571 @10: 0.576         TS:	@1: 0.415 @10: 0.517

=================END OF FOLD results/dbp15k/en_ja/hyperbolic_dot_emb_dim_60_3_layers/12_CV/FOLD_11=================

Assessment for experiment results/dbp15k/en_ja/hyperbolic_dot_emb_dim_60_3_layers/12_CV has ended
Results:
{'avg_TR_hits1': 0.750859706632799, 'std_TR_hits1': 0.11153766159285432, 'avg_TS_hits1': 0.4725344448214695, 'std_TS_hits1': 0.044380601134995895, 'avg_TR_hits10': 0.8096568610624836, 'std_TR_hits10': 0.14392450058781076, 'avg_TS_hits10': 0.591815167733364, 'std_TS_hits10': 0.05390464335656054}
