results/dbp15k/en_ja/euclidean_dot_emb_dim_60_3_layers/12_CV/FOLD_1/winner_results.json already exists! Proceeding to the next fold
results/dbp15k/en_ja/euclidean_dot_emb_dim_60_3_layers/12_CV/FOLD_3/winner_results.json already exists! Proceeding to the next fold
results/dbp15k/en_ja/euclidean_dot_emb_dim_60_3_layers/12_CV/FOLD_5/winner_results.json already exists! Proceeding to the next fold
results/dbp15k/en_ja/euclidean_dot_emb_dim_60_3_layers/12_CV/FOLD_7/winner_results.json already exists! Proceeding to the next fold

=================START OF FOLD results/dbp15k/en_ja/euclidean_dot_emb_dim_60_3_layers/12_CV/FOLD_9=================

Config #1
NAN LOSS
BEST EPOCH: -1
	TR: L None, H1 None;
	VL: L: None H1:None
Config #2
NAN LOSS
BEST EPOCH: -1
	TR: L None, H1 None;
	VL: L: None H1:None
Config #3
NAN LOSS
BEST EPOCH: -1
	TR: L None, H1 None;
	VL: L: None H1:None
Config #4
NAN LOSS
BEST EPOCH: -1
	TR: L None, H1 None;
	VL: L: None H1:None

-------PROCESSING MODEL SELECTION RESULTS OF FOLD results/dbp15k/en_ja/euclidean_dot_emb_dim_60_3_layers/12_CV/FOLD_9-------

Winner config: 3
