
=================START OF FOLD results/dbp15k/en_zh/euclidean_dot_emb_dim_60_3_layers/12_CV/FOLD_1=================

Config #1
NAN LOSS
BEST EPOCH: -1
	TR: L None, H1 None;
	VL: L: None H1:None
Config #2
BEST EPOCH: 223
	TR: L 0.7271303534507751, H1 0.5847457627118644;
	VL: L: 1.797116756439209 H1:0.32367149758454106
Config #3
BEST EPOCH: 386
	TR: L 0.4109305441379547, H1 0.6598062953995157;
	VL: L: 1.803277850151062 H1:0.34782608695652173
Config #4
BEST EPOCH: 14
	TR: L 0.7663832902908325, H1 0.013317191283292978;
	VL: L: 3.401399612426758 H1:0.004830917874396135

-------PROCESSING MODEL SELECTION RESULTS OF FOLD results/dbp15k/en_zh/euclidean_dot_emb_dim_60_3_layers/12_CV/FOLD_1-------

Winner config: 3
BEST EPOCH: 117
	TR: L 0.8170527815818787, H1 0.8305905130687319;
	VL: L: 1.3455625772476196 H1:0.4590524832687566
BEST EPOCH: 119
	TR: L 0.9175431728363037, H1 0.8044530493707648;
	VL: L: 1.376274824142456 H1:0.4507749207467418
BEST EPOCH: 110
	TR: L 0.9208760261535645, H1 0.814133591481123;
	VL: L: 1.3941811323165894 H1:0.4475167312433956
FOLD RESULTS:
TR:	@1: 0.831 @10: 0.954         TS:	@1: 0.459 @10: 0.718

=================END OF FOLD results/dbp15k/en_zh/euclidean_dot_emb_dim_60_3_layers/12_CV/FOLD_1=================


=================START OF FOLD results/dbp15k/en_zh/euclidean_dot_emb_dim_60_3_layers/12_CV/FOLD_3=================

Config #1
BEST EPOCH: 263
	TR: L 0.4999571144580841, H1 0.7130750605326877;
	VL: L: 1.3912556171417236 H1:0.4830917874396135
Config #2
BEST EPOCH: 353
	TR: L 0.45031091570854187, H1 0.7070217917675545;
	VL: L: 1.5297795534133911 H1:0.4251207729468599
Config #3
BEST EPOCH: 231
	TR: L 0.37682268023490906, H1 0.7179176755447942;
	VL: L: 1.3630539178848267 H1:0.45410628019323673
Config #4
BEST EPOCH: 37
	TR: L 2.083991289138794, H1 0.035108958837772396;
	VL: L: 2.248436212539673 H1:0.01932367149758454

-------PROCESSING MODEL SELECTION RESULTS OF FOLD results/dbp15k/en_zh/euclidean_dot_emb_dim_60_3_layers/12_CV/FOLD_3-------

Winner config: 3
BEST EPOCH: 129
	TR: L 0.8307767510414124, H1 0.8499515972894482;
	VL: L: 1.3791863918304443 H1:0.4448749559704121
BEST EPOCH: 145
	TR: L 0.7852193713188171, H1 0.8712487899322362;
	VL: L: 1.3904099464416504 H1:0.43738992603029236
BEST EPOCH: 178
	TR: L 0.6168118715286255, H1 0.8857696030977735;
	VL: L: 1.5207351446151733 H1:0.431754138781261
FOLD RESULTS:
TR:	@1: 0.886 @10: 0.966         TS:	@1: 0.445 @10: 0.714

=================END OF FOLD results/dbp15k/en_zh/euclidean_dot_emb_dim_60_3_layers/12_CV/FOLD_3=================


=================START OF FOLD results/dbp15k/en_zh/euclidean_dot_emb_dim_60_3_layers/12_CV/FOLD_5=================

Config #1
BEST EPOCH: 35
	TR: L 1.7505139112472534, H1 0.03631961259079903;
	VL: L: 0.8993861079216003 H1:0.024154589371980676
Config #2
BEST EPOCH: 260
	TR: L 0.6222609281539917, H1 0.6016949152542372;
	VL: L: 1.4455466270446777 H1:0.38164251207729466
Config #3
BEST EPOCH: 310
	TR: L 0.5119301676750183, H1 0.6331719128329297;
	VL: L: 1.5202258825302124 H1:0.38164251207729466
Config #4
NAN LOSS
BEST EPOCH: -1
	TR: L None, H1 None;
	VL: L: None H1:None

-------PROCESSING MODEL SELECTION RESULTS OF FOLD results/dbp15k/en_zh/euclidean_dot_emb_dim_60_3_layers/12_CV/FOLD_5-------

Winner config: 3
BEST EPOCH: 135
	TR: L 0.8440777659416199, H1 0.8441432720232332;
	VL: L: 1.4015806913375854 H1:0.441704825642832
BEST EPOCH: 111
	TR: L 1.0866100788116455, H1 0.7725072604065828;
	VL: L: 1.4550414085388184 H1:0.44883761887988727
BEST EPOCH: 124
	TR: L 1.0107132196426392, H1 0.7996127783155856;
	VL: L: 1.5018702745437622 H1:0.4465480803099683
FOLD RESULTS:
TR:	@1: 0.844 @10: 0.951         TS:	@1: 0.449 @10: 0.725

=================END OF FOLD results/dbp15k/en_zh/euclidean_dot_emb_dim_60_3_layers/12_CV/FOLD_5=================


=================START OF FOLD results/dbp15k/en_zh/euclidean_dot_emb_dim_60_3_layers/12_CV/FOLD_7=================

Config #1
BEST EPOCH: 26
	TR: L 2.327777624130249, H1 0.01818181818181818;
	VL: L: 1.6655844449996948 H1:0.01932367149758454
Config #2
BEST EPOCH: 61
	TR: L 1.6637978553771973, H1 0.025454545454545455;
	VL: L: 3.915165424346924 H1:0.014492753623188406
Config #3
BEST EPOCH: 17
	TR: L 2.7990071773529053, H1 0.01818181818181818;
	VL: L: 2.762432813644409 H1:0.00966183574879227
Config #4
BEST EPOCH: 33
	TR: L 1.873628854751587, H1 0.02666666666666667;
	VL: L: 0.8730101585388184 H1:0.014492753623188406

-------PROCESSING MODEL SELECTION RESULTS OF FOLD results/dbp15k/en_zh/euclidean_dot_emb_dim_60_3_layers/12_CV/FOLD_7-------

Winner config: 3
BEST EPOCH: 143
	TR: L 0.988582968711853, H1 0.8013565891472868;
	VL: L: 1.4085744619369507 H1:0.4545214405212644
BEST EPOCH: 119
	TR: L 1.130284309387207, H1 0.7693798449612403;
	VL: L: 1.4256787300109863 H1:0.46094919432948844
BEST EPOCH: 138
	TR: L 0.979963481426239, H1 0.8081395348837209;
	VL: L: 1.587756633758545 H1:0.43145196794928237
FOLD RESULTS:
TR:	@1: 0.808 @10: 0.922         TS:	@1: 0.461 @10: 0.729

=================END OF FOLD results/dbp15k/en_zh/euclidean_dot_emb_dim_60_3_layers/12_CV/FOLD_7=================


=================START OF FOLD results/dbp15k/en_zh/euclidean_dot_emb_dim_60_3_layers/12_CV/FOLD_9=================

Config #1
BEST EPOCH: 93
	TR: L 1.7616702318191528, H1 0.02303030303030303;
	VL: L: 2.085118293762207 H1:0.00966183574879227
Config #2
NAN LOSS
BEST EPOCH: -1
	TR: L None, H1 None;
	VL: L: None H1:None
Config #3
BEST EPOCH: 43
	TR: L 2.9387295246124268, H1 0.02909090909090909;
	VL: L: 1.7628347873687744 H1:0.00966183574879227
Config #4
BEST EPOCH: 14
	TR: L 5.517498970031738, H1 0.020606060606060607;
	VL: L: 2.3847763538360596 H1:0.00966183574879227

-------PROCESSING MODEL SELECTION RESULTS OF FOLD results/dbp15k/en_zh/euclidean_dot_emb_dim_60_3_layers/12_CV/FOLD_9-------

Winner config: 3
BEST EPOCH: 179
	TR: L 0.5252730250358582, H1 0.7257751937984496;
	VL: L: 1.4570549726486206 H1:0.40036981597252796
BEST EPOCH: 174
	TR: L 0.5281637907028198, H1 0.7151162790697675;
	VL: L: 1.4786109924316406 H1:0.3901558510169939
BEST EPOCH: 154
	TR: L 0.633561372756958, H1 0.6812015503875969;
	VL: L: 1.5301573276519775 H1:0.37289777229902266
FOLD RESULTS:
TR:	@1: 0.726 @10: 0.777         TS:	@1: 0.400 @10: 0.685

=================END OF FOLD results/dbp15k/en_zh/euclidean_dot_emb_dim_60_3_layers/12_CV/FOLD_9=================


=================START OF FOLD results/dbp15k/en_zh/euclidean_dot_emb_dim_60_3_layers/12_CV/FOLD_11=================

Config #1
BEST EPOCH: 241
	TR: L 0.7859389185905457, H1 0.503030303030303;
	VL: L: 1.8902039527893066 H1:0.2995169082125604
Config #2
BEST EPOCH: 68
	TR: L 1.0223649740219116, H1 0.07272727272727272;
	VL: L: 1.8334741592407227 H1:0.033816425120772944
Config #3
NAN LOSS
BEST EPOCH: -1
	TR: L None, H1 None;
	VL: L: None H1:None
Config #4
BEST EPOCH: 29
	TR: L 1.4897475242614746, H1 0.03393939393939394;
	VL: L: 1.515806794166565 H1:0.028985507246376812

-------PROCESSING MODEL SELECTION RESULTS OF FOLD results/dbp15k/en_zh/euclidean_dot_emb_dim_60_3_layers/12_CV/FOLD_11-------

Winner config: 3
BEST EPOCH: 291
	TR: L 0.4995668828487396, H1 0.4738372093023256;
	VL: L: 2.0282933712005615 H1:0.22532358897596197
BEST EPOCH: 60
	TR: L 1.5806742906570435, H1 0.05813953488372093;
	VL: L: 1.9868066310882568 H1:0.0236858325261953
BEST EPOCH: 280
	TR: L 0.511171817779541, H1 0.6056201550387597;
	VL: L: 1.7800592184066772 H1:0.3550233336268381
FOLD RESULTS:
TR:	@1: 0.606 @10: 0.649         TS:	@1: 0.355 @10: 0.646

=================END OF FOLD results/dbp15k/en_zh/euclidean_dot_emb_dim_60_3_layers/12_CV/FOLD_11=================

Assessment for experiment results/dbp15k/en_zh/euclidean_dot_emb_dim_60_3_layers/12_CV has ended
Results:
{'avg_TR_hits1': 0.7833397119851115, 'std_TR_hits1': 0.09303631871548664, 'avg_TS_hits1': 0.4281845670079851, 'std_TS_hits1': 0.038422417801232296, 'avg_TR_hits10': 0.8698529908372543, 'std_TR_hits10': 0.11750026208625193, 'avg_TS_hits10': 0.7027847226264935, 'std_TS_hits10': 0.029266532005921678}
