
=================START OF FOLD results/dbp15k/en_zh/hyperbolic_dot_emb_dim_60_3_layers/12_CV/FOLD_1=================

Config #1
BEST EPOCH: 31
	TR: L 0.5456686615943909, H1 0.45036319612590797;
	VL: L: 0.7544090151786804 H1:0.41545893719806765
Config #2
BEST EPOCH: 35
	TR: L 0.3355569541454315, H1 0.4685230024213075;
	VL: L: 0.9369502663612366 H1:0.4057971014492754
Config #3
BEST EPOCH: 15
	TR: L 0.7693789005279541, H1 0.3813559322033898;
	VL: L: 0.9430993795394897 H1:0.3719806763285024
Config #4
BEST EPOCH: 49
	TR: L 0.20970669388771057, H1 0.5520581113801453;
	VL: L: 0.5836893916130066 H1:0.41545893719806765
Config #5
BEST EPOCH: 14
	TR: L 0.847396731376648, H1 0.3523002421307506;
	VL: L: 1.0292164087295532 H1:0.3285024154589372
Config #6
BEST EPOCH: 7
	TR: L 1.028253197669983, H1 0.34261501210653755;
	VL: L: 1.130919337272644 H1:0.36231884057971014
Config #7
BEST EPOCH: 16
	TR: L 1.01179039478302, H1 0.41041162227602906;
	VL: L: 1.2356207370758057 H1:0.3671497584541063
Config #8
BEST EPOCH: 6
	TR: L 1.0418500900268555, H1 0.3220338983050847;
	VL: L: 1.1721625328063965 H1:0.33816425120772947
Config #9
BEST EPOCH: 6
	TR: L 1.2980831861495972, H1 0.2929782082324455;
	VL: L: 1.411541223526001 H1:0.2946859903381642
Config #10
BEST EPOCH: 7
	TR: L 1.2962934970855713, H1 0.2627118644067797;
	VL: L: 1.420520305633545 H1:0.2898550724637681
Config #11
BEST EPOCH: 45
	TR: L 0.2741241455078125, H1 0.3765133171912833;
	VL: L: 0.7105404138565063 H1:0.3140096618357488
Config #12
BEST EPOCH: 8
	TR: L 1.2646294832229614, H1 0.27602905569007263;
	VL: L: 1.3774415254592896 H1:0.27053140096618356
Config #13
BEST EPOCH: 5
	TR: L 1.845107913017273, H1 0.21428571428571427;
	VL: L: 1.690454363822937 H1:0.21256038647342995
Config #14
BEST EPOCH: 4
	TR: L 1.6766759157180786, H1 0.21912832929782083;
	VL: L: 1.6719530820846558 H1:0.2463768115942029
Config #15
BEST EPOCH: 7
	TR: L 1.463862657546997, H1 0.2360774818401937;
	VL: L: 1.586495280265808 H1:0.21739130434782608
Config #16
BEST EPOCH: 2
	TR: L 1.7455198764801025, H1 0.211864406779661;
	VL: L: 1.6960248947143555 H1:0.2463768115942029

-------PROCESSING MODEL SELECTION RESULTS OF FOLD results/dbp15k/en_zh/hyperbolic_dot_emb_dim_60_3_layers/12_CV/FOLD_1-------

Winner config: 15
BEST EPOCH: 55
	TR: L 1.139182209968567, H1 0.850919651500484;
	VL: L: 1.1393640041351318 H1:0.4664494540331102
BEST EPOCH: 54
	TR: L 1.1090959310531616, H1 0.8547918683446273;
	VL: L: 1.1622202396392822 H1:0.45042268404367736
BEST EPOCH: 53
	TR: L 1.2427178621292114, H1 0.8480154888673765;
	VL: L: 1.1768401861190796 H1:0.46010919337795
FOLD RESULTS:
TR:	@1: 0.855 @10: 0.923         TS:	@1: 0.466 @10: 0.583

=================END OF FOLD results/dbp15k/en_zh/hyperbolic_dot_emb_dim_60_3_layers/12_CV/FOLD_1=================


=================START OF FOLD results/dbp15k/en_zh/hyperbolic_dot_emb_dim_60_3_layers/12_CV/FOLD_3=================

Config #1
BEST EPOCH: 36
	TR: L 0.33965277671813965, H1 0.4745762711864407;
	VL: L: 0.9830134510993958 H1:0.3526570048309179
Config #2
BEST EPOCH: 14
	TR: L 0.6208694577217102, H1 0.3813559322033898;
	VL: L: 0.9505729675292969 H1:0.30917874396135264
Config #3
BEST EPOCH: 11
	TR: L 0.7676047086715698, H1 0.3813559322033898;
	VL: L: 0.9636669754981995 H1:0.32367149758454106
Config #4
BEST EPOCH: 21
	TR: L 0.6336414813995361, H1 0.42493946731234866;
	VL: L: 0.8702097535133362 H1:0.3671497584541063
Config #5
BEST EPOCH: 16
	TR: L 0.7442514896392822, H1 0.36077481840193704;
	VL: L: 1.1949421167373657 H1:0.25120772946859904
Config #6
BEST EPOCH: 6
	TR: L 1.0353565216064453, H1 0.2917675544794189;
	VL: L: 1.385229468345642 H1:0.23671497584541062
Config #7
BEST EPOCH: 55
	TR: L 0.1182374581694603, H1 0.45641646489104115;
	VL: L: 0.6791132688522339 H1:0.2898550724637681
Config #8
BEST EPOCH: 11
	TR: L 1.0153599977493286, H1 0.35472154963680386;
	VL: L: 1.2101963758468628 H1:0.28019323671497587
Config #9
BEST EPOCH: 18
	TR: L 0.9224376082420349, H1 0.2917675544794189;
	VL: L: 1.3085936307907104 H1:0.22705314009661837
Config #10
BEST EPOCH: 1
	TR: L 1.7748568058013916, H1 0.2542372881355932;
	VL: L: 1.7375774383544922 H1:0.2318840579710145
Config #11
BEST EPOCH: 1
	TR: L 1.5740962028503418, H1 0.22639225181598063;
	VL: L: 1.5814517736434937 H1:0.2318840579710145
Config #12
BEST EPOCH: 13
	TR: L 0.8555741906166077, H1 0.30387409200968524;
	VL: L: 1.270353078842163 H1:0.2318840579710145
Config #13
BEST EPOCH: 4
	TR: L 1.6472042798995972, H1 0.20944309927360774;
	VL: L: 1.8467371463775635 H1:0.17391304347826086
Config #14
BEST EPOCH: 2
	TR: L 1.8765062093734741, H1 0.20581113801452786;
	VL: L: 1.8566417694091797 H1:0.21256038647342995
Config #15
BEST EPOCH: 2
	TR: L 1.783097743988037, H1 0.2033898305084746;
	VL: L: 1.7948274612426758 H1:0.18357487922705315
Config #16
BEST EPOCH: 4
	TR: L 1.7022935152053833, H1 0.2397094430992736;
	VL: L: 1.7519044876098633 H1:0.2222222222222222

-------PROCESSING MODEL SELECTION RESULTS OF FOLD results/dbp15k/en_zh/hyperbolic_dot_emb_dim_60_3_layers/12_CV/FOLD_3-------

Winner config: 15
BEST EPOCH: 39
	TR: L 1.1883751153945923, H1 0.8286544046466602;
	VL: L: 1.1660131216049194 H1:0.48793589292004225
BEST EPOCH: 42
	TR: L 1.1926575899124146, H1 0.8344627299128751;
	VL: L: 1.1304948329925537 H1:0.4798344487495597
BEST EPOCH: 42
	TR: L 1.1784203052520752, H1 0.8325266214908035;
	VL: L: 1.1524423360824585 H1:0.48608665022895386
FOLD RESULTS:
TR:	@1: 0.834 @10: 0.918         TS:	@1: 0.488 @10: 0.600

=================END OF FOLD results/dbp15k/en_zh/hyperbolic_dot_emb_dim_60_3_layers/12_CV/FOLD_3=================


=================START OF FOLD results/dbp15k/en_zh/hyperbolic_dot_emb_dim_60_3_layers/12_CV/FOLD_5=================

Config #1
BEST EPOCH: 41
	TR: L 0.18962538242340088, H1 0.43099273607748184;
	VL: L: 0.9468191862106323 H1:0.28502415458937197
Config #2
BEST EPOCH: 26
	TR: L 0.31450504064559937, H1 0.4043583535108959;
	VL: L: 0.6659970283508301 H1:0.2995169082125604
Config #3
BEST EPOCH: 17
	TR: L 0.4676230251789093, H1 0.4346246973365617;
	VL: L: 0.9124152660369873 H1:0.30434782608695654
Config #4
BEST EPOCH: 14
	TR: L 0.4923798739910126, H1 0.4043583535108959;
	VL: L: 0.981898307800293 H1:0.30917874396135264
Config #5
BEST EPOCH: 21
	TR: L 0.8658716082572937, H1 0.3341404358353511;
	VL: L: 1.182435154914856 H1:0.24154589371980675
Config #6
BEST EPOCH: 9
	TR: L 1.3448859453201294, H1 0.32566585956416466;
	VL: L: 1.4390674829483032 H1:0.2753623188405797
Config #7
BEST EPOCH: 10
	TR: L 0.7947129607200623, H1 0.3075060532687651;
	VL: L: 1.1767892837524414 H1:0.24154589371980675
Config #8
BEST EPOCH: 6
	TR: L 1.1145284175872803, H1 0.2602905569007264;
	VL: L: 1.4760775566101074 H1:0.1932367149758454
Config #9
BEST EPOCH: 10
	TR: L 1.036320447921753, H1 0.2711864406779661;
	VL: L: 1.4285643100738525 H1:0.1932367149758454
Config #10
BEST EPOCH: 6
	TR: L 1.2000622749328613, H1 0.2784503631961259;
	VL: L: 1.399667501449585 H1:0.23671497584541062
Config #11
BEST EPOCH: 8
	TR: L 1.0353975296020508, H1 0.24939467312348668;
	VL: L: 1.477858066558838 H1:0.1642512077294686
Config #12
BEST EPOCH: 8
	TR: L 1.3255698680877686, H1 0.30145278450363194;
	VL: L: 1.5365983247756958 H1:0.22705314009661837
Config #13
BEST EPOCH: 2
	TR: L 1.8034636974334717, H1 0.19128329297820823;
	VL: L: 1.7257161140441895 H1:0.1642512077294686
Config #14
BEST EPOCH: 9
	TR: L 1.1549640893936157, H1 0.23486682808716708;
	VL: L: 1.5015794038772583 H1:0.21256038647342995
Config #15
BEST EPOCH: 33
	TR: L 0.46826690435409546, H1 0.2324455205811138;
	VL: L: 1.1238267421722412 H1:0.18357487922705315
Config #16
BEST EPOCH: 5
	TR: L 1.5380804538726807, H1 0.23365617433414043;
	VL: L: 1.6196644306182861 H1:0.18840579710144928

-------PROCESSING MODEL SELECTION RESULTS OF FOLD results/dbp15k/en_zh/hyperbolic_dot_emb_dim_60_3_layers/12_CV/FOLD_5-------

Winner config: 15
BEST EPOCH: 45
	TR: L 1.3172730207443237, H1 0.8151016456921588;
	VL: L: 1.1665550470352173 H1:0.4831806974286721
BEST EPOCH: 44
	TR: L 1.4063115119934082, H1 0.7850919651500484;
	VL: L: 1.2764363288879395 H1:0.4827404015498415
BEST EPOCH: 43
	TR: L 1.3142650127410889, H1 0.8015488867376573;
	VL: L: 1.2333935499191284 H1:0.4882000704473406
FOLD RESULTS:
TR:	@1: 0.815 @10: 0.903         TS:	@1: 0.488 @10: 0.607

=================END OF FOLD results/dbp15k/en_zh/hyperbolic_dot_emb_dim_60_3_layers/12_CV/FOLD_5=================


=================START OF FOLD results/dbp15k/en_zh/hyperbolic_dot_emb_dim_60_3_layers/12_CV/FOLD_7=================

Config #1
BEST EPOCH: 15
	TR: L 0.6329793334007263, H1 0.296969696969697;
	VL: L: 1.1617623567581177 H1:0.26570048309178745
Config #2
BEST EPOCH: 23
	TR: L 0.5369389057159424, H1 0.34424242424242424;
	VL: L: 0.9971851706504822 H1:0.30434782608695654
Config #3
BEST EPOCH: 19
	TR: L 0.49683305621147156, H1 0.3575757575757576;
	VL: L: 1.037140130996704 H1:0.28502415458937197
Config #4
BEST EPOCH: 16
	TR: L 0.6466289162635803, H1 0.36363636363636365;
	VL: L: 1.0677179098129272 H1:0.3285024154589372
Config #5
BEST EPOCH: 10
	TR: L 1.0367010831832886, H1 0.263030303030303;
	VL: L: 1.4752668142318726 H1:0.21739130434782608
Config #6
BEST EPOCH: 11
	TR: L 0.9288585186004639, H1 0.24848484848484848;
	VL: L: 1.1691898107528687 H1:0.2318840579710145
Config #7
BEST EPOCH: 9
	TR: L 0.8919687271118164, H1 0.22181818181818183;
	VL: L: 1.179444670677185 H1:0.21739130434782608
Config #8
BEST EPOCH: 12
	TR: L 1.0342555046081543, H1 0.2690909090909091;
	VL: L: 1.4307527542114258 H1:0.23671497584541062
Config #9
BEST EPOCH: 8
	TR: L 1.3711612224578857, H1 0.23030303030303031;
	VL: L: 1.6408953666687012 H1:0.21739130434782608
Config #10
BEST EPOCH: 6
	TR: L 1.3171780109405518, H1 0.19393939393939394;
	VL: L: 1.6285728216171265 H1:0.21739130434782608
Config #11
BEST EPOCH: 22
	TR: L 0.4780137240886688, H1 0.23636363636363636;
	VL: L: 1.1229828596115112 H1:0.16908212560386474
Config #12
BEST EPOCH: 13
	TR: L 0.6311548352241516, H1 0.2412121212121212;
	VL: L: 1.3233312368392944 H1:0.18840579710144928
Config #13
BEST EPOCH: 3
	TR: L 1.835415005683899, H1 0.11272727272727273;
	VL: L: 1.7247178554534912 H1:0.1111111111111111
Config #14
BEST EPOCH: 1
	TR: L 1.7916691303253174, H1 0.11393939393939394;
	VL: L: 1.8076281547546387 H1:0.12077294685990338
Config #15
BEST EPOCH: 2
	TR: L 1.8099558353424072, H1 0.2084848484848485;
	VL: L: 1.9170916080474854 H1:0.21256038647342995
Config #16
BEST EPOCH: 1
	TR: L 1.8234339952468872, H1 0.13575757575757577;
	VL: L: 1.9631893634796143 H1:0.10628019323671498

-------PROCESSING MODEL SELECTION RESULTS OF FOLD results/dbp15k/en_zh/hyperbolic_dot_emb_dim_60_3_layers/12_CV/FOLD_7-------

Winner config: 15
BEST EPOCH: 39
	TR: L 1.5122820138931274, H1 0.7422480620155039;
	VL: L: 1.3360928297042847 H1:0.48111296997446507
BEST EPOCH: 41
	TR: L 1.5527052879333496, H1 0.747093023255814;
	VL: L: 1.3522944450378418 H1:0.4888614951131461
BEST EPOCH: 49
	TR: L 1.3802334070205688, H1 0.7703488372093024;
	VL: L: 1.2648541927337646 H1:0.49766663731619265
FOLD RESULTS:
TR:	@1: 0.770 @10: 0.873         TS:	@1: 0.498 @10: 0.620

=================END OF FOLD results/dbp15k/en_zh/hyperbolic_dot_emb_dim_60_3_layers/12_CV/FOLD_7=================


=================START OF FOLD results/dbp15k/en_zh/hyperbolic_dot_emb_dim_60_3_layers/12_CV/FOLD_9=================

Config #1
BEST EPOCH: 27
	TR: L 0.510960042476654, H1 0.40606060606060607;
	VL: L: 1.3148025274276733 H1:0.28019323671497587
Config #2
BEST EPOCH: 24
	TR: L 0.5002579689025879, H1 0.3975757575757576;
	VL: L: 1.1131294965744019 H1:0.28502415458937197
Config #3
BEST EPOCH: 15
	TR: L 0.5633863210678101, H1 0.3696969696969697;
	VL: L: 1.02421236038208 H1:0.2946859903381642
Config #4
BEST EPOCH: 23
	TR: L 0.3174853026866913, H1 0.4303030303030303;
	VL: L: 0.8937704563140869 H1:0.26570048309178745
Config #5
BEST EPOCH: 35
	TR: L 0.18818706274032593, H1 0.3781818181818182;
	VL: L: 0.8184729814529419 H1:0.22705314009661837
Config #6
BEST EPOCH: 18
	TR: L 0.7464571595191956, H1 0.35878787878787877;
	VL: L: 1.1228055953979492 H1:0.2222222222222222
Config #7
BEST EPOCH: 14
	TR: L 0.9303547143936157, H1 0.3612121212121212;
	VL: L: 1.3358843326568604 H1:0.2608695652173913
Config #8
BEST EPOCH: 67
	TR: L 0.16772323846817017, H1 0.4921212121212121;
	VL: L: 0.7958959341049194 H1:0.30434782608695654
Config #9
BEST EPOCH: 12
	TR: L 0.8096446990966797, H1 0.296969696969697;
	VL: L: 1.1311051845550537 H1:0.16908212560386474
Config #10
BEST EPOCH: 10
	TR: L 0.7249714136123657, H1 0.2872727272727273;
	VL: L: 1.240470051765442 H1:0.1642512077294686
Config #11
BEST EPOCH: 114
	TR: L 0.1049996092915535, H1 0.3696969696969697;
	VL: L: 0.5810590982437134 H1:0.3285024154589372
Config #12
BEST EPOCH: 48
	TR: L 0.20833249390125275, H1 0.42303030303030303;
	VL: L: 0.7941673398017883 H1:0.28502415458937197
Config #13
BEST EPOCH: 12
	TR: L 1.0979838371276855, H1 0.2678787878787879;
	VL: L: 1.4208202362060547 H1:0.20772946859903382
Config #14
BEST EPOCH: 74
	TR: L 0.23763753473758698, H1 0.38545454545454544;
	VL: L: 0.9688532948493958 H1:0.2560386473429952
Config #15
BEST EPOCH: 35
	TR: L 0.5211044549942017, H1 0.3575757575757576;
	VL: L: 0.9057303667068481 H1:0.28019323671497587
Config #16
BEST EPOCH: 31
	TR: L 0.34222716093063354, H1 0.26666666666666666;
	VL: L: 1.0493459701538086 H1:0.2028985507246377

-------PROCESSING MODEL SELECTION RESULTS OF FOLD results/dbp15k/en_zh/hyperbolic_dot_emb_dim_60_3_layers/12_CV/FOLD_9-------

Winner config: 15
BEST EPOCH: 17
	TR: L 2.0703234672546387, H1 0.41472868217054265;
	VL: L: 1.8614400625228882 H1:0.344809368671304
BEST EPOCH: 12
	TR: L 2.14800763130188, H1 0.3866279069767442;
	VL: L: 1.8963936567306519 H1:0.32904816412785065
BEST EPOCH: 14
	TR: L 2.1359376907348633, H1 0.39147286821705424;
	VL: L: 1.8609647750854492 H1:0.328167649907546
FOLD RESULTS:
TR:	@1: 0.415 @10: 0.490         TS:	@1: 0.345 @10: 0.430

=================END OF FOLD results/dbp15k/en_zh/hyperbolic_dot_emb_dim_60_3_layers/12_CV/FOLD_9=================


=================START OF FOLD results/dbp15k/en_zh/hyperbolic_dot_emb_dim_60_3_layers/12_CV/FOLD_11=================

Config #1
BEST EPOCH: 29
	TR: L 0.26393061876296997, H1 0.3890909090909091;
	VL: L: 1.03014075756073 H1:0.2946859903381642
Config #2
BEST EPOCH: 35
	TR: L 0.3742404878139496, H1 0.4;
	VL: L: 1.2049297094345093 H1:0.3140096618357488
Config #3
BEST EPOCH: 38
	TR: L 0.14749348163604736, H1 0.41818181818181815;
	VL: L: 0.835698127746582 H1:0.30434782608695654
Config #4
BEST EPOCH: 29
	TR: L 0.1751527488231659, H1 0.41454545454545455;
	VL: L: 1.0649068355560303 H1:0.3188405797101449
Config #5
BEST EPOCH: 10
	TR: L 0.7866458892822266, H1 0.2678787878787879;
	VL: L: 1.3616535663604736 H1:0.2318840579710145
Config #6
BEST EPOCH: 7
	TR: L 0.8914672136306763, H1 0.2703030303030303;
	VL: L: 1.3706996440887451 H1:0.24154589371980675
Config #7
BEST EPOCH: 4
	TR: L 1.0700609683990479, H1 0.26181818181818184;
	VL: L: 1.5405102968215942 H1:0.22705314009661837
Config #8
BEST EPOCH: 5
	TR: L 1.012935757637024, H1 0.24848484848484848;
	VL: L: 1.3987479209899902 H1:0.2463768115942029
Config #9
BEST EPOCH: 7
	TR: L 1.2489796876907349, H1 0.20363636363636364;
	VL: L: 1.6449968814849854 H1:0.18357487922705315
Config #10
BEST EPOCH: 3
	TR: L 1.476723551750183, H1 0.21818181818181817;
	VL: L: 1.6667613983154297 H1:0.18357487922705315
Config #11
BEST EPOCH: 2
	TR: L 1.5409774780273438, H1 0.1987878787878788;
	VL: L: 1.7690849304199219 H1:0.18840579710144928
Config #12
BEST EPOCH: 1
	TR: L 1.5465130805969238, H1 0.2096969696969697;
	VL: L: 1.735512137413025 H1:0.21739130434782608
Config #13
BEST EPOCH: 3
	TR: L 1.5761321783065796, H1 0.18303030303030304;
	VL: L: 1.9016311168670654 H1:0.14009661835748793
Config #14
BEST EPOCH: 11
	TR: L 1.325273036956787, H1 0.19272727272727272;
	VL: L: 1.7912805080413818 H1:0.19806763285024154
Config #15
BEST EPOCH: 3
	TR: L 1.677449107170105, H1 0.20363636363636364;
	VL: L: 1.887342929840088 H1:0.1932367149758454
Config #16
BEST EPOCH: 2
	TR: L 1.7041800022125244, H1 0.17333333333333334;
	VL: L: 1.9395179748535156 H1:0.18840579710144928

-------PROCESSING MODEL SELECTION RESULTS OF FOLD results/dbp15k/en_zh/hyperbolic_dot_emb_dim_60_3_layers/12_CV/FOLD_11-------

Winner config: 15
BEST EPOCH: 15
	TR: L 0.5778335928916931, H1 0.36046511627906974;
	VL: L: 1.0471552610397339 H1:0.3142555252267324
BEST EPOCH: 17
	TR: L 0.46873319149017334, H1 0.34689922480620156;
	VL: L: 0.9734058976173401 H1:0.2938275953156643
BEST EPOCH: 30
	TR: L 0.4052286446094513, H1 0.44573643410852715;
	VL: L: 0.9496056437492371 H1:0.35634410495729507
FOLD RESULTS:
TR:	@1: 0.446 @10: 0.472         TS:	@1: 0.356 @10: 0.450

=================END OF FOLD results/dbp15k/en_zh/hyperbolic_dot_emb_dim_60_3_layers/12_CV/FOLD_11=================

Assessment for experiment results/dbp15k/en_zh/hyperbolic_dot_emb_dim_60_3_layers/12_CV has ended
Results:
{'avg_TR_hits1': 0.6891950329063388, 'std_TR_hits1': 0.18509785601658538, 'avg_TS_hits1': 0.4402342547242141, 'std_TS_hits1': 0.06416819969901258, 'avg_TR_hits10': 0.7631228253174943, 'std_TR_hits10': 0.20010930096946097, 'avg_TS_hits10': 0.5482784398830493, 'std_TS_hits10': 0.07729889550431653}
