
=================START OF FOLD results/dbp15k/ja_en/hyperbolic_dot_emb_dim_60_3_layers/12_CV/FOLD_1=================

Config #1
BEST EPOCH: 48
	TR: L 0.19255991280078888, H1 0.502944640753828;
	VL: L: 0.7233412265777588 H1:0.3474178403755869
Config #2
BEST EPOCH: 55
	TR: L 0.21133512258529663, H1 0.5064782096584217;
	VL: L: 1.0043129920959473 H1:0.3380281690140845
Config #3
BEST EPOCH: 24
	TR: L 0.4692769944667816, H1 0.44405182567726736;
	VL: L: 0.7964102029800415 H1:0.352112676056338
Config #4
BEST EPOCH: 51
	TR: L 0.21793526411056519, H1 0.5335689045936396;
	VL: L: 0.8287608623504639 H1:0.39906103286384975
Config #5
BEST EPOCH: 24
	TR: L 0.7246348857879639, H1 0.4028268551236749;
	VL: L: 1.2055408954620361 H1:0.27230046948356806
Config #6
BEST EPOCH: 16
	TR: L 0.6896728277206421, H1 0.36042402826855124;
	VL: L: 1.359095573425293 H1:0.28169014084507044
Config #7
BEST EPOCH: 51
	TR: L 0.32719361782073975, H1 0.4652532391048292;
	VL: L: 0.9651026129722595 H1:0.323943661971831
Config #8
BEST EPOCH: 10
	TR: L 0.845853328704834, H1 0.3627797408716137;
	VL: L: 1.5953634977340698 H1:0.25821596244131456
Config #9
BEST EPOCH: 15
	TR: L 0.8926594853401184, H1 0.29093050647820967;
	VL: L: 1.3984894752502441 H1:0.215962441314554
Config #10
BEST EPOCH: 8
	TR: L 1.0648555755615234, H1 0.28032979976442873;
	VL: L: 1.5083762407302856 H1:0.22535211267605634
Config #11
BEST EPOCH: 15
	TR: L 0.9023910760879517, H1 0.3286219081272085;
	VL: L: 1.3605875968933105 H1:0.23943661971830985
Config #12
BEST EPOCH: 72
	TR: L 0.13433720171451569, H1 0.4581861012956419;
	VL: L: 1.1066814661026 H1:0.2676056338028169
Config #13
BEST EPOCH: 15
	TR: L 0.9329431056976318, H1 0.2744405182567727;
	VL: L: 1.5440397262573242 H1:0.20187793427230047
Config #14
BEST EPOCH: 12
	TR: L 1.189942479133606, H1 0.3133097762073027;
	VL: L: 1.5307976007461548 H1:0.22065727699530516
Config #15
BEST EPOCH: 12
	TR: L 1.1146966218948364, H1 0.24499411071849234;
	VL: L: 1.6514445543289185 H1:0.22535211267605634
Config #16
BEST EPOCH: 17
	TR: L 0.8191996216773987, H1 0.32273262661955243;
	VL: L: 1.3538017272949219 H1:0.2535211267605634

-------PROCESSING MODEL SELECTION RESULTS OF FOLD results/dbp15k/ja_en/hyperbolic_dot_emb_dim_60_3_layers/12_CV/FOLD_1-------

Winner config: 15
BEST EPOCH: 43
	TR: L 1.1183396577835083, H1 0.8380414312617702;
	VL: L: 1.1099598407745361 H1:0.498971898560658
BEST EPOCH: 43
	TR: L 1.2129919528961182, H1 0.8418079096045198;
	VL: L: 1.1107646226882935 H1:0.4965729952021933
BEST EPOCH: 37
	TR: L 1.32711923122406, H1 0.795668549905838;
	VL: L: 1.1453962326049805 H1:0.4868917066483893
FOLD RESULTS:
TR:	@1: 0.842 @10: 0.918         TS:	@1: 0.499 @10: 0.610

=================END OF FOLD results/dbp15k/ja_en/hyperbolic_dot_emb_dim_60_3_layers/12_CV/FOLD_1=================


=================START OF FOLD results/dbp15k/ja_en/hyperbolic_dot_emb_dim_60_3_layers/12_CV/FOLD_3=================

Config #1
BEST EPOCH: 32
	TR: L 0.23565247654914856, H1 0.4693396226415094;
	VL: L: 0.9386729001998901 H1:0.3615023474178404
Config #2
BEST EPOCH: 28
	TR: L 0.32967790961265564, H1 0.4563679245283019;
	VL: L: 0.689813494682312 H1:0.39436619718309857
Config #3
BEST EPOCH: 20
	TR: L 0.38833940029144287, H1 0.41273584905660377;
	VL: L: 1.0408486127853394 H1:0.3145539906103286
Config #4
BEST EPOCH: 19
	TR: L 0.440391480922699, H1 0.4233490566037736;
	VL: L: 0.9903313517570496 H1:0.352112676056338
Config #5
BEST EPOCH: 19
	TR: L 0.7404224276542664, H1 0.4056603773584906;
	VL: L: 1.3060734272003174 H1:0.29577464788732394
Config #6
BEST EPOCH: 15
	TR: L 0.8286964893341064, H1 0.36910377358490565;
	VL: L: 1.3403431177139282 H1:0.27230046948356806
Config #7
BEST EPOCH: 10
	TR: L 0.8818985819816589, H1 0.3584905660377358;
	VL: L: 1.1487843990325928 H1:0.2863849765258216
Config #8
BEST EPOCH: 7
	TR: L 0.9444606900215149, H1 0.35377358490566035;
	VL: L: 1.251387357711792 H1:0.2863849765258216
Config #9
BEST EPOCH: 11
	TR: L 1.048761010169983, H1 0.3125;
	VL: L: 1.269779086112976 H1:0.2676056338028169
Config #10
BEST EPOCH: 14
	TR: L 0.9892624020576477, H1 0.34787735849056606;
	VL: L: 1.365062952041626 H1:0.3145539906103286
Config #11
BEST EPOCH: 40
	TR: L 0.2237471342086792, H1 0.37028301886792453;
	VL: L: 0.89171302318573 H1:0.2300469483568075
Config #12
BEST EPOCH: 73
	TR: L 0.11833308637142181, H1 0.4563679245283019;
	VL: L: 0.6888322234153748 H1:0.3286384976525822
Config #13
BEST EPOCH: 9
	TR: L 1.5549468994140625, H1 0.2783018867924528;
	VL: L: 1.7352677583694458 H1:0.24413145539906103
Config #14
BEST EPOCH: 52
	TR: L 0.5492537021636963, H1 0.36556603773584906;
	VL: L: 0.9343219995498657 H1:0.25821596244131456
Config #15
BEST EPOCH: 22
	TR: L 0.8813372254371643, H1 0.33726415094339623;
	VL: L: 1.2502223253250122 H1:0.24882629107981222
Config #16
BEST EPOCH: 93
	TR: L 0.1942153424024582, H1 0.4339622641509434;
	VL: L: 0.7399647831916809 H1:0.3427230046948357

-------PROCESSING MODEL SELECTION RESULTS OF FOLD results/dbp15k/ja_en/hyperbolic_dot_emb_dim_60_3_layers/12_CV/FOLD_3-------

Winner config: 15
BEST EPOCH: 51
	TR: L 1.1011523008346558, H1 0.8605089538171536;
	VL: L: 1.0488134622573853 H1:0.4973014649190439
BEST EPOCH: 47
	TR: L 1.109561562538147, H1 0.8388312912346843;
	VL: L: 1.0599701404571533 H1:0.4915617236357406
BEST EPOCH: 50
	TR: L 1.1241843700408936, H1 0.8520263901979265;
	VL: L: 1.05502450466156 H1:0.486849995716611
FOLD RESULTS:
TR:	@1: 0.861 @10: 0.930         TS:	@1: 0.497 @10: 0.603

=================END OF FOLD results/dbp15k/ja_en/hyperbolic_dot_emb_dim_60_3_layers/12_CV/FOLD_3=================


=================START OF FOLD results/dbp15k/ja_en/hyperbolic_dot_emb_dim_60_3_layers/12_CV/FOLD_5=================

Config #1
BEST EPOCH: 97
	TR: L 0.10856686532497406, H1 0.45990566037735847;
	VL: L: 0.7780210971832275 H1:0.38967136150234744
Config #2
BEST EPOCH: 53
	TR: L 0.1383463591337204, H1 0.4068396226415094;
	VL: L: 0.8714550733566284 H1:0.3380281690140845
Config #3
BEST EPOCH: 25
	TR: L 0.43499326705932617, H1 0.3714622641509434;
	VL: L: 0.9233910441398621 H1:0.3615023474178404
Config #4
BEST EPOCH: 22
	TR: L 0.4496399164199829, H1 0.3856132075471698;
	VL: L: 0.8759757876396179 H1:0.37089201877934275
Config #5
BEST EPOCH: 20
	TR: L 0.7846367359161377, H1 0.33608490566037735;
	VL: L: 1.1693272590637207 H1:0.3145539906103286
Config #6
BEST EPOCH: 12
	TR: L 1.042136311531067, H1 0.2841981132075472;
	VL: L: 1.2420015335083008 H1:0.27230046948356806
Config #7
BEST EPOCH: 17
	TR: L 0.7849472761154175, H1 0.294811320754717;
	VL: L: 1.1491718292236328 H1:0.29107981220657275
Config #8
BEST EPOCH: 21
	TR: L 0.6655479073524475, H1 0.31957547169811323;
	VL: L: 1.1069759130477905 H1:0.30985915492957744
Config #9
BEST EPOCH: 17
	TR: L 0.8311596512794495, H1 0.22995283018867924;
	VL: L: 1.1634392738342285 H1:0.26291079812206575
Config #10
BEST EPOCH: 17
	TR: L 0.7046468257904053, H1 0.27712264150943394;
	VL: L: 1.1661328077316284 H1:0.2535211267605634
Config #11
BEST EPOCH: 8
	TR: L 1.2391902208328247, H1 0.27122641509433965;
	VL: L: 1.478413462638855 H1:0.30985915492957744
Config #12
BEST EPOCH: 19
	TR: L 0.8556621074676514, H1 0.3007075471698113;
	VL: L: 1.1491081714630127 H1:0.2676056338028169
Config #13
BEST EPOCH: 77
	TR: L 0.26056087017059326, H1 0.31014150943396224;
	VL: L: 0.9292787313461304 H1:0.24882629107981222
Config #14
BEST EPOCH: 35
	TR: L 0.6112152934074402, H1 0.2865566037735849;
	VL: L: 1.0773121118545532 H1:0.2535211267605634
Config #15
BEST EPOCH: 22
	TR: L 0.8014031648635864, H1 0.27476415094339623;
	VL: L: 0.8879926800727844 H1:0.24882629107981222
Config #16
BEST EPOCH: 31
	TR: L 0.6480205655097961, H1 0.2759433962264151;
	VL: L: 1.1025772094726562 H1:0.22065727699530516

-------PROCESSING MODEL SELECTION RESULTS OF FOLD results/dbp15k/ja_en/hyperbolic_dot_emb_dim_60_3_layers/12_CV/FOLD_5-------

Winner config: 15
BEST EPOCH: 54
	TR: L 1.4979654550552368, H1 0.7719132893496701;
	VL: L: 1.1822378635406494 H1:0.4994431594277392
BEST EPOCH: 60
	TR: L 1.2046020030975342, H1 0.8199811498586239;
	VL: L: 1.0901964902877808 H1:0.4968731260173049
BEST EPOCH: 55
	TR: L 1.3805450201034546, H1 0.7898209236569275;
	VL: L: 1.1300151348114014 H1:0.4994431594277392
FOLD RESULTS:
TR:	@1: 0.820 @10: 0.900         TS:	@1: 0.499 @10: 0.609

=================END OF FOLD results/dbp15k/ja_en/hyperbolic_dot_emb_dim_60_3_layers/12_CV/FOLD_5=================


=================START OF FOLD results/dbp15k/ja_en/hyperbolic_dot_emb_dim_60_3_layers/12_CV/FOLD_7=================

Config #1
BEST EPOCH: 84
	TR: L 0.0642654150724411, H1 0.4363207547169811;
	VL: L: 0.7925119996070862 H1:0.3004694835680751
Config #2
BEST EPOCH: 31
	TR: L 0.4580216705799103, H1 0.3714622641509434;
	VL: L: 1.1560612916946411 H1:0.3004694835680751
Config #3
BEST EPOCH: 36
	TR: L 0.258355051279068, H1 0.4492924528301887;
	VL: L: 0.9809834361076355 H1:0.29107981220657275
Config #4
BEST EPOCH: 44
	TR: L 0.1723254770040512, H1 0.4669811320754717;
	VL: L: 1.0238770246505737 H1:0.27699530516431925
Config #5
BEST EPOCH: 23
	TR: L 0.45788007974624634, H1 0.33254716981132076;
	VL: L: 1.0866690874099731 H1:0.22535211267605634
Config #6
BEST EPOCH: 10
	TR: L 1.069166660308838, H1 0.2983490566037736;
	VL: L: 1.3328973054885864 H1:0.2535211267605634
Config #7
BEST EPOCH: 17
	TR: L 0.5063450336456299, H1 0.35377358490566035;
	VL: L: 1.0566401481628418 H1:0.2300469483568075
Config #8
BEST EPOCH: 61
	TR: L 0.16818390786647797, H1 0.43042452830188677;
	VL: L: 0.9688410758972168 H1:0.29577464788732394
Config #9
BEST EPOCH: 20
	TR: L 0.7450209856033325, H1 0.2641509433962264;
	VL: L: 1.5034271478652954 H1:0.15492957746478872
Config #10
BEST EPOCH: 22
	TR: L 0.5541373491287231, H1 0.33372641509433965;
	VL: L: 1.0769599676132202 H1:0.2347417840375587
Config #11
BEST EPOCH: 42
	TR: L 0.1838885098695755, H1 0.34787735849056606;
	VL: L: 0.9580402970314026 H1:0.2112676056338028
Config #12
BEST EPOCH: 82
	TR: L 0.12133640795946121, H1 0.4268867924528302;
	VL: L: 1.1189414262771606 H1:0.20657276995305165
Config #13
BEST EPOCH: 16
	TR: L 1.1395388841629028, H1 0.27476415094339623;
	VL: L: 1.4676508903503418 H1:0.24413145539906103
Config #14
BEST EPOCH: 6
	TR: L 1.2808736562728882, H1 0.20754716981132076;
	VL: L: 1.466119408607483 H1:0.16901408450704225
Config #15
BEST EPOCH: 8
	TR: L 1.0892144441604614, H1 0.21816037735849056;
	VL: L: 1.3249683380126953 H1:0.1643192488262911
Config #16
BEST EPOCH: 21
	TR: L 0.5927280187606812, H1 0.27240566037735847;
	VL: L: 1.4058318138122559 H1:0.18309859154929578

-------PROCESSING MODEL SELECTION RESULTS OF FOLD results/dbp15k/ja_en/hyperbolic_dot_emb_dim_60_3_layers/12_CV/FOLD_7-------

Winner config: 15
BEST EPOCH: 50
	TR: L 1.4505938291549683, H1 0.7690857681432611;
	VL: L: 1.1363970041275024 H1:0.5014991861560867
BEST EPOCH: 48
	TR: L 1.522028923034668, H1 0.7690857681432611;
	VL: L: 1.2258715629577637 H1:0.46423370170478884
BEST EPOCH: 51
	TR: L 1.4388930797576904, H1 0.7766258246936852;
	VL: L: 1.1588590145111084 H1:0.4925040692195665
FOLD RESULTS:
TR:	@1: 0.777 @10: 0.870         TS:	@1: 0.501 @10: 0.608

=================END OF FOLD results/dbp15k/ja_en/hyperbolic_dot_emb_dim_60_3_layers/12_CV/FOLD_7=================


=================START OF FOLD results/dbp15k/ja_en/hyperbolic_dot_emb_dim_60_3_layers/12_CV/FOLD_9=================

Config #1
BEST EPOCH: 43
	TR: L 0.25108441710472107, H1 0.4257075471698113;
	VL: L: 0.8787972331047058 H1:0.3286384976525822
Config #2
BEST EPOCH: 24
	TR: L 0.4479925036430359, H1 0.4339622641509434;
	VL: L: 0.7742548584938049 H1:0.38497652582159625
Config #3
BEST EPOCH: 44
	TR: L 0.3964221775531769, H1 0.43985849056603776;
	VL: L: 0.8428331017494202 H1:0.3380281690140845
Config #4
BEST EPOCH: 87
	TR: L 0.07161565124988556, H1 0.4858490566037736;
	VL: L: 0.4504822790622711 H1:0.36619718309859156
Config #5
BEST EPOCH: 12
	TR: L 0.9288442134857178, H1 0.27712264150943394;
	VL: L: 1.253961443901062 H1:0.2535211267605634
Config #6
BEST EPOCH: 15
	TR: L 0.7467708587646484, H1 0.36556603773584906;
	VL: L: 1.06514310836792 H1:0.3192488262910798
Config #7
BEST EPOCH: 19
	TR: L 0.6264317631721497, H1 0.3643867924528302;
	VL: L: 0.8134533166885376 H1:0.3286384976525822
Config #8
BEST EPOCH: 16
	TR: L 0.6750274300575256, H1 0.38207547169811323;
	VL: L: 1.249444603919983 H1:0.29577464788732394
Config #9
BEST EPOCH: 13
	TR: L 1.0230355262756348, H1 0.33490566037735847;
	VL: L: 1.4578474760055542 H1:0.28169014084507044
Config #10
BEST EPOCH: 17
	TR: L 1.1746039390563965, H1 0.3136792452830189;
	VL: L: 1.4664156436920166 H1:0.2863849765258216
Config #11
BEST EPOCH: 9
	TR: L 1.105118751525879, H1 0.30424528301886794;
	VL: L: 1.2842843532562256 H1:0.2863849765258216
Config #12
BEST EPOCH: 7
	TR: L 1.4087563753128052, H1 0.3007075471698113;
	VL: L: 1.4661839008331299 H1:0.2863849765258216
Config #13
BEST EPOCH: 55
	TR: L 0.26493415236473083, H1 0.36202830188679247;
	VL: L: 0.6069766283035278 H1:0.30985915492957744
Config #14
BEST EPOCH: 61
	TR: L 0.11347419768571854, H1 0.4115566037735849;
	VL: L: 0.5226163864135742 H1:0.37089201877934275
Config #15
BEST EPOCH: 5
	TR: L 1.5455832481384277, H1 0.25825471698113206;
	VL: L: 1.4308092594146729 H1:0.25821596244131456
Config #16
BEST EPOCH: 36
	TR: L 1.012582540512085, H1 0.27240566037735847;
	VL: L: 1.2245850563049316 H1:0.2535211267605634

-------PROCESSING MODEL SELECTION RESULTS OF FOLD results/dbp15k/ja_en/hyperbolic_dot_emb_dim_60_3_layers/12_CV/FOLD_9-------

Winner config: 15
BEST EPOCH: 44
	TR: L 1.0026719570159912, H1 0.5824693685202639;
	VL: L: 0.9362855553627014 H1:0.4051229332647991
BEST EPOCH: 45
	TR: L 0.9466813802719116, H1 0.6107445805843544;
	VL: L: 0.9055874943733215 H1:0.41617407692966674
BEST EPOCH: 41
	TR: L 0.8815472722053528, H1 0.6060320452403393;
	VL: L: 1.0272444486618042 H1:0.4236271738199263
FOLD RESULTS:
TR:	@1: 0.611 @10: 0.644         TS:	@1: 0.424 @10: 0.520

=================END OF FOLD results/dbp15k/ja_en/hyperbolic_dot_emb_dim_60_3_layers/12_CV/FOLD_9=================


=================START OF FOLD results/dbp15k/ja_en/hyperbolic_dot_emb_dim_60_3_layers/12_CV/FOLD_11=================

Config #1
BEST EPOCH: 35
	TR: L 0.3421373963356018, H1 0.4257075471698113;
	VL: L: 0.7804273962974548 H1:0.3755868544600939
Config #2
BEST EPOCH: 39
	TR: L 0.2910008132457733, H1 0.419811320754717;
	VL: L: 0.7621673345565796 H1:0.41784037558685444
Config #3
BEST EPOCH: 30
	TR: L 0.37302446365356445, H1 0.455188679245283;
	VL: L: 0.7141697406768799 H1:0.352112676056338
Config #4
BEST EPOCH: 70
	TR: L 0.08172005414962769, H1 0.5141509433962265;
	VL: L: 0.5631403923034668 H1:0.37089201877934275
Config #5
BEST EPOCH: 11
	TR: L 0.9083659648895264, H1 0.28891509433962265;
	VL: L: 1.0601221323013306 H1:0.2863849765258216
Config #6
BEST EPOCH: 15
	TR: L 0.8791472315788269, H1 0.3384433962264151;
	VL: L: 0.9700170159339905 H1:0.3192488262910798
Config #7
BEST EPOCH: 11
	TR: L 1.0427879095077515, H1 0.2783018867924528;
	VL: L: 1.193519115447998 H1:0.2863849765258216
Config #8
BEST EPOCH: 18
	TR: L 0.6172025799751282, H1 0.34787735849056606;
	VL: L: 0.770767867565155 H1:0.30985915492957744
Config #9
BEST EPOCH: 11
	TR: L 1.1357183456420898, H1 0.2665094339622642;
	VL: L: 1.4755545854568481 H1:0.25821596244131456
Config #10
BEST EPOCH: 15
	TR: L 0.7930797934532166, H1 0.33372641509433965;
	VL: L: 1.1521687507629395 H1:0.28169014084507044
Config #11
BEST EPOCH: 9
	TR: L 1.0838452577590942, H1 0.31485849056603776;
	VL: L: 1.2151992321014404 H1:0.2863849765258216
Config #12
BEST EPOCH: 8
	TR: L 1.1469112634658813, H1 0.2641509433962264;
	VL: L: 1.3450467586517334 H1:0.3004694835680751
Config #13
BEST EPOCH: 11
	TR: L 1.0798122882843018, H1 0.25235849056603776;
	VL: L: 1.6538183689117432 H1:0.23943661971830985
Config #14
BEST EPOCH: 22
	TR: L 0.9486669301986694, H1 0.31485849056603776;
	VL: L: 1.056666374206543 H1:0.28169014084507044
Config #15
BEST EPOCH: 14
	TR: L 1.1066563129425049, H1 0.267688679245283;
	VL: L: 1.6229535341262817 H1:0.2863849765258216
Config #16
BEST EPOCH: 65
	TR: L 0.3842059373855591, H1 0.3160377358490566;
	VL: L: 0.7129800915718079 H1:0.2863849765258216

-------PROCESSING MODEL SELECTION RESULTS OF FOLD results/dbp15k/ja_en/hyperbolic_dot_emb_dim_60_3_layers/12_CV/FOLD_11-------

Winner config: 15
BEST EPOCH: 38
	TR: L 0.3383599817752838, H1 0.4665409990574929;
	VL: L: 0.8680139183998108 H1:0.36254604643193694
BEST EPOCH: 57
	TR: L 0.2028045952320099, H1 0.48633364750235625;
	VL: L: 0.8930502533912659 H1:0.3636597275764585
BEST EPOCH: 68
	TR: L 0.07608550041913986, H1 0.4872761545711593;
	VL: L: 0.8183811902999878 H1:0.33110597104429024
FOLD RESULTS:
TR:	@1: 0.487 @10: 0.495         TS:	@1: 0.364 @10: 0.448

=================END OF FOLD results/dbp15k/ja_en/hyperbolic_dot_emb_dim_60_3_layers/12_CV/FOLD_11=================

Assessment for experiment results/dbp15k/ja_en/hyperbolic_dot_emb_dim_60_3_layers/12_CV has ended
Results:
{'avg_TR_hits1': 0.7328240955215827, 'std_TR_hits1': 0.13716962591471796, 'avg_TS_hits1': 0.46408376840998544, 'std_TS_hits1': 0.05274549116306554, 'avg_TR_hits10': 0.7928183978799804, 'std_TR_hits10': 0.16485640536560997, 'avg_TS_hits10': 0.5663298557244584, 'std_TS_hits10': 0.0618817301936537}
