
=================START OF FOLD results/dbp15k/ja_en/euclidean_dot_emb_dim_60_3_layers/12_CV/FOLD_1=================

Config #1
NAN LOSS
BEST EPOCH: -1
	TR: L None, H1 None;
	VL: L: None H1:None
Config #2
NAN LOSS
BEST EPOCH: -1
	TR: L None, H1 None;
	VL: L: None H1:None
Config #3
BEST EPOCH: 48
	TR: L 1.7037088871002197, H1 0.048292108362779744;
	VL: L: 3.476127862930298 H1:0.018779342723004695
Config #4
NAN LOSS
BEST EPOCH: -1
	TR: L None, H1 None;
	VL: L: None H1:None

-------PROCESSING MODEL SELECTION RESULTS OF FOLD results/dbp15k/ja_en/euclidean_dot_emb_dim_60_3_layers/12_CV/FOLD_1-------

Winner config: 3
BEST EPOCH: 100
	TR: L 1.1060236692428589, H1 0.8041431261770244;
	VL: L: 1.5903830528259277 H1:0.4659013022618232
BEST EPOCH: 97
	TR: L 1.2012258768081665, H1 0.8069679849340866;
	VL: L: 1.5392037630081177 H1:0.45981836874571624
BEST EPOCH: 109
	TR: L 1.0301296710968018, H1 0.827683615819209;
	VL: L: 1.6675567626953125 H1:0.4553632625085675
FOLD RESULTS:
TR:	@1: 0.828 @10: 0.949         TS:	@1: 0.466 @10: 0.775

=================END OF FOLD results/dbp15k/ja_en/euclidean_dot_emb_dim_60_3_layers/12_CV/FOLD_1=================


=================START OF FOLD results/dbp15k/ja_en/euclidean_dot_emb_dim_60_3_layers/12_CV/FOLD_3=================

Config #1
BEST EPOCH: 366
	TR: L 0.6550716161727905, H1 0.5589622641509434;
	VL: L: 2.12190842628479 H1:0.28169014084507044
Config #2
BEST EPOCH: 68
	TR: L 1.5723862648010254, H1 0.11320754716981132;
	VL: L: 2.731351613998413 H1:0.08450704225352113
Config #3
BEST EPOCH: 68
	TR: L 1.3147878646850586, H1 0.07547169811320754;
	VL: L: 2.346222400665283 H1:0.04225352112676056
Config #4
BEST EPOCH: 321
	TR: L 0.669050395488739, H1 0.6804245283018868;
	VL: L: 2.0785958766937256 H1:0.3615023474178404

-------PROCESSING MODEL SELECTION RESULTS OF FOLD results/dbp15k/ja_en/euclidean_dot_emb_dim_60_3_layers/12_CV/FOLD_3-------

Winner config: 3
BEST EPOCH: 121
	TR: L 0.7402747869491577, H1 0.8850141376060321;
	VL: L: 1.5049711465835571 H1:0.4698877752077444
BEST EPOCH: 124
	TR: L 0.7467859387397766, H1 0.879359095193214;
	VL: L: 1.4700208902359009 H1:0.47562751649104773
BEST EPOCH: 135
	TR: L 0.7275314927101135, H1 0.8803016022620169;
	VL: L: 1.568349838256836 H1:0.46603272509209287
FOLD RESULTS:
TR:	@1: 0.885 @10: 0.973         TS:	@1: 0.476 @10: 0.784

=================END OF FOLD results/dbp15k/ja_en/euclidean_dot_emb_dim_60_3_layers/12_CV/FOLD_3=================


=================START OF FOLD results/dbp15k/ja_en/euclidean_dot_emb_dim_60_3_layers/12_CV/FOLD_5=================

Config #1
NAN LOSS
BEST EPOCH: 0
	TR: L 12.429499626159668, H1 0.0;
	VL: L: 2.226562261581421 H1:0.0
Config #2
NAN LOSS
BEST EPOCH: -1
	TR: L None, H1 None;
	VL: L: None H1:None
Config #3
BEST EPOCH: 226
	TR: L 0.7430991530418396, H1 0.4716981132075472;
	VL: L: 2.0838050842285156 H1:0.22535211267605634
Config #4
NAN LOSS
BEST EPOCH: -1
	TR: L None, H1 None;
	VL: L: None H1:None

-------PROCESSING MODEL SELECTION RESULTS OF FOLD results/dbp15k/ja_en/euclidean_dot_emb_dim_60_3_layers/12_CV/FOLD_5-------

Winner config: 3
BEST EPOCH: 122
	TR: L 1.0337022542953491, H1 0.8124410933081998;
	VL: L: 1.6078158617019653 H1:0.46808875182044035
BEST EPOCH: 106
	TR: L 1.1304417848587036, H1 0.8001885014137606;
	VL: L: 1.6384984254837036 H1:0.4692024329649619
BEST EPOCH: 102
	TR: L 1.1338810920715332, H1 0.7822808671065034;
	VL: L: 1.7069916725158691 H1:0.4465861389531397
FOLD RESULTS:
TR:	@1: 0.812 @10: 0.941         TS:	@1: 0.469 @10: 0.793

=================END OF FOLD results/dbp15k/ja_en/euclidean_dot_emb_dim_60_3_layers/12_CV/FOLD_5=================


=================START OF FOLD results/dbp15k/ja_en/euclidean_dot_emb_dim_60_3_layers/12_CV/FOLD_7=================

Config #1
BEST EPOCH: 41
	TR: L 2.8372750282287598, H1 0.05070754716981132;
	VL: L: 1.7757165431976318 H1:0.023474178403755867
Config #2
BEST EPOCH: 59
	TR: L 1.2887626886367798, H1 0.020047169811320754;
	VL: L: 1.2837762832641602 H1:0.014084507042253521
Config #3
NAN LOSS
BEST EPOCH: -1
	TR: L None, H1 None;
	VL: L: None H1:None
Config #4
NAN LOSS
BEST EPOCH: 95
	TR: L 3.6903631687164307, H1 0.00589622641509434;
	VL: L: 1.4082521200180054 H1:0.004694835680751174

-------PROCESSING MODEL SELECTION RESULTS OF FOLD results/dbp15k/ja_en/euclidean_dot_emb_dim_60_3_layers/12_CV/FOLD_7-------

Winner config: 3
BEST EPOCH: 120
	TR: L 1.1612660884857178, H1 0.7766258246936852;
	VL: L: 1.7132227420806885 H1:0.45086952797053026
BEST EPOCH: 128
	TR: L 1.1838641166687012, H1 0.7690857681432611;
	VL: L: 1.7320326566696167 H1:0.44547245780861816
BEST EPOCH: 114
	TR: L 1.2676942348480225, H1 0.7483506126295947;
	VL: L: 1.6846352815628052 H1:0.45001285016705217
FOLD RESULTS:
TR:	@1: 0.777 @10: 0.934         TS:	@1: 0.451 @10: 0.779

=================END OF FOLD results/dbp15k/ja_en/euclidean_dot_emb_dim_60_3_layers/12_CV/FOLD_7=================


=================START OF FOLD results/dbp15k/ja_en/euclidean_dot_emb_dim_60_3_layers/12_CV/FOLD_9=================

Config #1
BEST EPOCH: 6
	TR: L 7.074448585510254, H1 0.0047169811320754715;
	VL: L: 0.6758882403373718 H1:0.004694835680751174
Config #2
NAN LOSS
BEST EPOCH: -1
	TR: L None, H1 None;
	VL: L: None H1:None
Config #3
NAN LOSS
BEST EPOCH: -1
	TR: L None, H1 None;
	VL: L: None H1:None
Config #4
BEST EPOCH: 161
	TR: L 0.9502565264701843, H1 0.15212264150943397;
	VL: L: 2.322293758392334 H1:0.06103286384976526

-------PROCESSING MODEL SELECTION RESULTS OF FOLD results/dbp15k/ja_en/euclidean_dot_emb_dim_60_3_layers/12_CV/FOLD_9-------

Winner config: 3
BEST EPOCH: 144
	TR: L 0.7681093811988831, H1 0.7266729500471254;
	VL: L: 1.591977834701538 H1:0.4050372654844513
BEST EPOCH: 134
	TR: L 0.8570500016212463, H1 0.7115928369462771;
	VL: L: 1.6807914972305298 H1:0.4075216311145378
BEST EPOCH: 134
	TR: L 0.7696921229362488, H1 0.7304429783223374;
	VL: L: 1.53432035446167 H1:0.4405037265484451
FOLD RESULTS:
TR:	@1: 0.730 @10: 0.814         TS:	@1: 0.441 @10: 0.760

=================END OF FOLD results/dbp15k/ja_en/euclidean_dot_emb_dim_60_3_layers/12_CV/FOLD_9=================


=================START OF FOLD results/dbp15k/ja_en/euclidean_dot_emb_dim_60_3_layers/12_CV/FOLD_11=================

Config #1
BEST EPOCH: 99
	TR: L 1.9816257953643799, H1 0.0625;
	VL: L: 1.735581874847412 H1:0.03755868544600939
Config #2
NAN LOSS
BEST EPOCH: -1
	TR: L None, H1 None;
	VL: L: None H1:None
Config #3
BEST EPOCH: 20
	TR: L 0.3335319757461548, H1 0.018867924528301886;
	VL: L: 1.393183946609497 H1:0.014084507042253521
Config #4
NAN LOSS
BEST EPOCH: 0
	TR: L 2.4962236881256104, H1 0.0;
	VL: L: 2.6314632892608643 H1:0.0

-------PROCESSING MODEL SELECTION RESULTS OF FOLD results/dbp15k/ja_en/euclidean_dot_emb_dim_60_3_layers/12_CV/FOLD_11-------

Winner config: 3
BEST EPOCH: 499
	TR: L 0.606483519077301, H1 0.589066918001885;
	VL: L: 1.7270722389221191 H1:0.2972671978069048
BEST EPOCH: 365
	TR: L 0.7586444616317749, H1 0.6305372290292177;
	VL: L: 1.691888451576233 H1:0.319883491818727
BEST EPOCH: 256
	TR: L 0.8620368838310242, H1 0.4948162111215834;
	VL: L: 1.8045035600662231 H1:0.2336160370084811
FOLD RESULTS:
TR:	@1: 0.631 @10: 0.710         TS:	@1: 0.320 @10: 0.597

=================END OF FOLD results/dbp15k/ja_en/euclidean_dot_emb_dim_60_3_layers/12_CV/FOLD_11=================

Assessment for experiment results/dbp15k/ja_en/euclidean_dot_emb_dim_60_3_layers/12_CV has ended
Results:
{'avg_TR_hits1': 0.7771241464631133, 'std_TR_hits1': 0.08073712592026952, 'avg_TS_hits1': 0.43699799967592257, 'std_TS_hits1': 0.053673834969465185, 'avg_TR_hits10': 0.8867500545802116, 'std_TR_hits10': 0.09398766648440329, 'avg_TS_hits10': 0.7480478505930425, 'std_TS_hits10': 0.0683357473412872}
