
=================START OF FOLD results/dbp15k/zh_en/euclidean_dot_emb_dim_60_3_layers/12_CV/FOLD_1=================

Config #1
BEST EPOCH: 36
	TR: L 1.8075170516967773, H1 0.07384230287859825;
	VL: L: 1.730774998664856 H1:0.055
Config #2
NAN LOSS
BEST EPOCH: -1
	TR: L None, H1 None;
	VL: L: None H1:None
Config #3
NAN LOSS
BEST EPOCH: -1
	TR: L None, H1 None;
	VL: L: None H1:None
Config #4
BEST EPOCH: 20
	TR: L 2.044173002243042, H1 0.04881101376720901;
	VL: L: 1.73581063747406 H1:0.035

-------PROCESSING MODEL SELECTION RESULTS OF FOLD results/dbp15k/zh_en/euclidean_dot_emb_dim_60_3_layers/12_CV/FOLD_1-------

Winner config: 3
BEST EPOCH: 109
	TR: L 1.064786672592163, H1 0.7967967967967968;
	VL: L: 1.5956718921661377 H1:0.44218863801893665
BEST EPOCH: 110
	TR: L 1.0149799585342407, H1 0.8048048048048048;
	VL: L: 1.6809546947479248 H1:0.4193372177713037
BEST EPOCH: 113
	TR: L 1.0384358167648315, H1 0.7907907907907908;
	VL: L: 1.6200536489486694 H1:0.4322651128914785
FOLD RESULTS:
TR:	@1: 0.805 @10: 0.937         TS:	@1: 0.442 @10: 0.743

=================END OF FOLD results/dbp15k/zh_en/euclidean_dot_emb_dim_60_3_layers/12_CV/FOLD_1=================


=================START OF FOLD results/dbp15k/zh_en/euclidean_dot_emb_dim_60_3_layers/12_CV/FOLD_3=================

Config #1
BEST EPOCH: 37
	TR: L 1.8777655363082886, H1 0.05006257822277847;
	VL: L: 1.9775019884109497 H1:0.045
Config #2
BEST EPOCH: 56
	TR: L 2.4725658893585205, H1 0.06508135168961202;
	VL: L: 2.502328395843506 H1:0.04
Config #3
BEST EPOCH: 157
	TR: L 0.9271556735038757, H1 0.523153942428035;
	VL: L: 2.099730968475342 H1:0.245
Config #4
BEST EPOCH: 3
	TR: L 5.584740161895752, H1 0.0050062578222778474;
	VL: L: 1.8848822116851807 H1:0.025

-------PROCESSING MODEL SELECTION RESULTS OF FOLD results/dbp15k/zh_en/euclidean_dot_emb_dim_60_3_layers/12_CV/FOLD_3-------

Winner config: 3
BEST EPOCH: 121
	TR: L 0.8491760492324829, H1 0.8638638638638638;
	VL: L: 1.4960360527038574 H1:0.45092862345229423
BEST EPOCH: 100
	TR: L 0.9692652821540833, H1 0.8388388388388388;
	VL: L: 1.5638507604599 H1:0.43517844136926437
BEST EPOCH: 126
	TR: L 0.7828685641288757, H1 0.8828828828828829;
	VL: L: 1.6649549007415771 H1:0.41888201019664967
FOLD RESULTS:
TR:	@1: 0.883 @10: 0.965         TS:	@1: 0.451 @10: 0.749

=================END OF FOLD results/dbp15k/zh_en/euclidean_dot_emb_dim_60_3_layers/12_CV/FOLD_3=================


=================START OF FOLD results/dbp15k/zh_en/euclidean_dot_emb_dim_60_3_layers/12_CV/FOLD_5=================

Config #1
NAN LOSS
BEST EPOCH: -1
	TR: L None, H1 None;
	VL: L: None H1:None
Config #2
BEST EPOCH: 37
	TR: L 1.4343065023422241, H1 0.058823529411764705;
	VL: L: 1.3799805641174316 H1:0.05
Config #3
BEST EPOCH: 318
	TR: L 0.20348180830478668, H1 0.37922403003754696;
	VL: L: 1.7666012048721313 H1:0.14
Config #4
BEST EPOCH: 301
	TR: L 0.6534180641174316, H1 0.4568210262828536;
	VL: L: 2.3612818717956543 H1:0.18

-------PROCESSING MODEL SELECTION RESULTS OF FOLD results/dbp15k/zh_en/euclidean_dot_emb_dim_60_3_layers/12_CV/FOLD_5-------

Winner config: 3
BEST EPOCH: 112
	TR: L 0.9797781109809875, H1 0.8218218218218218;
	VL: L: 1.5627267360687256 H1:0.4383648943918427
BEST EPOCH: 103
	TR: L 0.965408980846405, H1 0.8218218218218218;
	VL: L: 1.4735312461853027 H1:0.4635833940276766
BEST EPOCH: 89
	TR: L 1.095094084739685, H1 0.7957957957957958;
	VL: L: 1.631110668182373 H1:0.4469227967953387
FOLD RESULTS:
TR:	@1: 0.822 @10: 0.950         TS:	@1: 0.464 @10: 0.762

=================END OF FOLD results/dbp15k/zh_en/euclidean_dot_emb_dim_60_3_layers/12_CV/FOLD_5=================


=================START OF FOLD results/dbp15k/zh_en/euclidean_dot_emb_dim_60_3_layers/12_CV/FOLD_7=================

Config #1
BEST EPOCH: 46
	TR: L 1.995516300201416, H1 0.0425531914893617;
	VL: L: 3.6696503162384033 H1:0.02
Config #2
BEST EPOCH: 97
	TR: L 1.7375696897506714, H1 0.07884856070087609;
	VL: L: 2.5667824745178223 H1:0.02
Config #3
BEST EPOCH: 54
	TR: L 1.8099461793899536, H1 0.0688360450563204;
	VL: L: 3.1038084030151367 H1:0.025
Config #4
BEST EPOCH: 55
	TR: L 1.4887615442276, H1 0.07008760951188986;
	VL: L: 2.843153476715088 H1:0.03

-------PROCESSING MODEL SELECTION RESULTS OF FOLD results/dbp15k/zh_en/euclidean_dot_emb_dim_60_3_layers/12_CV/FOLD_7-------

Winner config: 3
BEST EPOCH: 106
	TR: L 1.044247031211853, H1 0.8128128128128128;
	VL: L: 1.4888262748718262 H1:0.4668608885651857
BEST EPOCH: 96
	TR: L 1.1738139390945435, H1 0.7797797797797797;
	VL: L: 1.5533686876296997 H1:0.4549344501092498
BEST EPOCH: 101
	TR: L 1.0862375497817993, H1 0.8018018018018018;
	VL: L: 1.5897661447525024 H1:0.44346321922796794
FOLD RESULTS:
TR:	@1: 0.813 @10: 0.933         TS:	@1: 0.467 @10: 0.764

=================END OF FOLD results/dbp15k/zh_en/euclidean_dot_emb_dim_60_3_layers/12_CV/FOLD_7=================


=================START OF FOLD results/dbp15k/zh_en/euclidean_dot_emb_dim_60_3_layers/12_CV/FOLD_9=================

Config #1
NAN LOSS
BEST EPOCH: 0
	TR: L 13.334705352783203, H1 0.0012531328320802004;
	VL: L: 1.560686469078064 H1:0.0
Config #2
BEST EPOCH: 33
	TR: L 4.8852458000183105, H1 0.013784461152882205;
	VL: L: 1.2963870763778687 H1:0.03
Config #3
BEST EPOCH: 5
	TR: L 5.015605926513672, H1 0.006265664160401002;
	VL: L: 3.4093968868255615 H1:0.03
Config #4
BEST EPOCH: 12
	TR: L 3.7272253036499023, H1 0.02631578947368421;
	VL: L: 2.9959332942962646 H1:0.03

-------PROCESSING MODEL SELECTION RESULTS OF FOLD results/dbp15k/zh_en/euclidean_dot_emb_dim_60_3_layers/12_CV/FOLD_9-------

Winner config: 3
BEST EPOCH: 132
	TR: L 0.8366513848304749, H1 0.7164328657314629;
	VL: L: 1.6256687641143799 H1:0.3799726900318616
BEST EPOCH: 119
	TR: L 0.9873422384262085, H1 0.6723446893787575;
	VL: L: 1.8121029138565063 H1:0.35439235320892126
BEST EPOCH: 149
	TR: L 0.6969013214111328, H1 0.7304609218436874;
	VL: L: 1.7302297353744507 H1:0.36941283568502503
FOLD RESULTS:
TR:	@1: 0.730 @10: 0.798         TS:	@1: 0.380 @10: 0.696

=================END OF FOLD results/dbp15k/zh_en/euclidean_dot_emb_dim_60_3_layers/12_CV/FOLD_9=================


=================START OF FOLD results/dbp15k/zh_en/euclidean_dot_emb_dim_60_3_layers/12_CV/FOLD_11=================

Config #1
BEST EPOCH: 191
	TR: L 0.764060378074646, H1 0.36215538847117795;
	VL: L: 2.10294246673584 H1:0.155
Config #2
BEST EPOCH: 197
	TR: L 0.7514285445213318, H1 0.3458646616541353;
	VL: L: 1.9672961235046387 H1:0.12
Config #3
BEST EPOCH: 26
	TR: L 2.102855682373047, H1 0.02882205513784461;
	VL: L: 2.250706911087036 H1:0.03
Config #4
NAN LOSS
BEST EPOCH: -1
	TR: L None, H1 None;
	VL: L: None H1:None

-------PROCESSING MODEL SELECTION RESULTS OF FOLD results/dbp15k/zh_en/euclidean_dot_emb_dim_60_3_layers/12_CV/FOLD_11-------

Winner config: 3
BEST EPOCH: 287
	TR: L 0.5527661442756653, H1 0.5681362725450901;
	VL: L: 1.9587479829788208 H1:0.23950842057350932
BEST EPOCH: 205
	TR: L 0.6934336423873901, H1 0.3807615230460922;
	VL: L: 2.044015407562256 H1:0.15002275830678197
BEST EPOCH: 290
	TR: L 0.6375057101249695, H1 0.35971943887775554;
	VL: L: 1.8742350339889526 H1:0.14401456531634046
FOLD RESULTS:
TR:	@1: 0.568 @10: 0.606         TS:	@1: 0.240 @10: 0.475

=================END OF FOLD results/dbp15k/zh_en/euclidean_dot_emb_dim_60_3_layers/12_CV/FOLD_11=================

Assessment for experiment results/dbp15k/zh_en/euclidean_dot_emb_dim_60_3_layers/12_CV has ended
Results:
{'avg_TR_hits1': 0.7701532527851834, 'std_TR_hits1': 0.1006516435436873, 'avg_TS_hits1': 0.40717377577824393, 'std_TS_hits1': 0.08034995762113976, 'avg_TR_hits10': 0.864765400002541, 'std_TR_hits10': 0.12813624368792662, 'avg_TS_hits10': 0.6983465101111749, 'std_TS_hits10': 0.10223544162379775}
